2021-01-29 05:44:52 +0000  Initial pipeline context: <IDEDistributionProcessingPipelineContext: 0x7fc19d8e9820; archive(resolved)='<IDEArchive: 0x7fc19ca41360>', distributionTask(resolved)='2', distributionDestination(resolved)='1', distributionMethod(resolved)='<IDEDistributionMethodDevelopmentSigned: 0x7fc1a4117850>', team(resolved)='<IDEProvisioningDisambiguatableBasicTeam: 0x7fc1aa2ef7e0; teamID='7JA3J4SM22', teamName='SHENZHEN APICAL TECHNOLOGY CO.,LTD', teamType='Company', username='apicalios@apical.com.cn', isFreeProvisioningTeam='0'>'>
	Chain (13, self inclusive):
	<IDEDistributionProcessingPipelineContext: 0x7fc19d8e9820; archive = '<IDEArchive: 0x7fc19ca41360>', distributionMethod='<IDEDistributionMethodDevelopmentSigned: 0x7fc1a4117850>', team='<IDEProvisioningDisambiguatableBasicTeam: 0x7fc1aa2ef7e0; teamID='7JA3J4SM22', teamName='SHENZHEN APICAL TECHNOLOGY CO.,LTD', teamType='Company', username='apicalios@apical.com.cn', isFreeProvisioningTeam='0'>'>
	<IDEDistributionProcessingPipelineContext: 0x7fc19d5271f0; archive = '<IDEArchive: 0x7fc19ca41360>', distributionMethod='<IDEDistributionMethodDevelopmentSigned: 0x7fc1a4117850>', team='<IDEProvisioningDisambiguatableBasicTeam: 0x7fc1aa2ef7e0; teamID='7JA3J4SM22', teamName='SHENZHEN APICAL TECHNOLOGY CO.,LTD', teamType='Company', username='apicalios@apical.com.cn', isFreeProvisioningTeam='0'>'>
	<IDEDistributionContext: 0x7fc195aeafd0; archive = '<IDEArchive: 0x7fc19ca41360>', distributionMethod='<IDEDistributionMethodDevelopmentSigned: 0x7fc1a4117850>', team='<IDEProvisioningDisambiguatableBasicTeam: 0x7fc1aa2ef7e0; teamID='7JA3J4SM22', teamName='SHENZHEN APICAL TECHNOLOGY CO.,LTD', teamType='Company', username='apicalios@apical.com.cn', isFreeProvisioningTeam='0'>'>
	<IDEDistributionContext: 0x7fc199c6e990; archive = '<IDEArchive: 0x7fc19ca41360>', distributionMethod='<IDEDistributionMethodDevelopmentSigned: 0x7fc1a4117850>', team='<IDEProvisioningDisambiguatableBasicTeam: 0x7fc1aa2ef7e0; teamID='7JA3J4SM22', teamName='SHENZHEN APICAL TECHNOLOGY CO.,LTD', teamType='Company', username='apicalios@apical.com.cn', isFreeProvisioningTeam='0'>'>
	<IDEDistributionContext: 0x7fc1b0869e90; archive = '<IDEArchive: 0x7fc19ca41360>', distributionMethod='<IDEDistributionMethodDevelopmentSigned: 0x7fc1a4117850>', team='<IDEProvisioningDisambiguatableBasicTeam: 0x7fc1aa2ef7e0; teamID='7JA3J4SM22', teamName='SHENZHEN APICAL TECHNOLOGY CO.,LTD', teamType='Company', username='apicalios@apical.com.cn', isFreeProvisioningTeam='0'>'>
	<IDEDistributionContext: 0x7fc19f02a370; archive = '<IDEArchive: 0x7fc19ca41360>', distributionMethod='<IDEDistributionMethodDevelopmentSigned: 0x7fc1a4117850>', team='<IDEProvisioningDisambiguatableBasicTeam: 0x7fc1aa2ef7e0; teamID='7JA3J4SM22', teamName='SHENZHEN APICAL TECHNOLOGY CO.,LTD', teamType='Company', username='apicalios@apical.com.cn', isFreeProvisioningTeam='0'>'>
	<IDEDistributionContext: 0x7fc1af56dab0; archive = '<IDEArchive: 0x7fc19ca41360>', distributionMethod='<IDEDistributionMethodDevelopmentSigned: 0x7fc1a4117850>', team='<IDEProvisioningDisambiguatableBasicTeam: 0x7fc1aa2ef7e0; teamID='7JA3J4SM22', teamName='SHENZHEN APICAL TECHNOLOGY CO.,LTD', teamType='Company', username='apicalios@apical.com.cn', isFreeProvisioningTeam='0'>'>
	<IDEDistributionContext: 0x7fc19f6a3010; archive = '<IDEArchive: 0x7fc19ca41360>', distributionMethod='<IDEDistributionMethodDevelopmentSigned: 0x7fc1a4117850>', team='<IDEProvisioningDisambiguatableBasicTeam: 0x7fc1aa2ef7e0; teamID='7JA3J4SM22', teamName='SHENZHEN APICAL TECHNOLOGY CO.,LTD', teamType='Company', username='apicalios@apical.com.cn', isFreeProvisioningTeam='0'>'>
	<IDEDistributionContext: 0x7fc19df0c2d0; archive = '<IDEArchive: 0x7fc19ca41360>', distributionMethod='<IDEDistributionMethodDevelopmentSigned: 0x7fc1a4117850>', team='<IDEProvisioningDisambiguatableBasicTeam: 0x7fc1aa2ef7e0; teamID='7JA3J4SM22', teamName='SHENZHEN APICAL TECHNOLOGY CO.,LTD', teamType='Company', username='apicalios@apical.com.cn', isFreeProvisioningTeam='0'>'>
	<IDEDistributionContext: 0x7fc19dde2f50; archive = '<IDEArchive: 0x7fc19ca41360>', distributionMethod='<IDEDistributionMethodDevelopmentSigned: 0x7fc1a4117850>', team='(null)'>
	<IDEDistributionContext: 0x7fc19dfea010; archive = '<IDEArchive: 0x7fc19ca41360>', distributionMethod='<IDEDistributionMethodDevelopmentSigned: 0x7fc1a4117850>', team='(null)'>
	<IDEDistributionContext: 0x7fc197ff17a0; archive = '<IDEArchive: 0x7fc19ca41360>', distributionMethod='<IDEDistributionMethodDevelopmentSigned: 0x7fc1a4117850>', team='(null)'>
	<IDEDistributionContext: 0x7fc197f76160; archive = '<IDEArchive: 0x7fc19ca41360>', distributionMethod='(null)', team='(null)'>
</IDEDistributionProcessingPipelineContext: 0x7fc19d8e9820>
2021-01-29 05:44:52 +0000  Processing step: IDEDistributionCreateDestRootStep
2021-01-29 05:44:52 +0000  Processing step: IDEDistributionCopyItemStep
2021-01-29 05:44:52 +0000  Running /usr/bin/ditto '-V' '/Users/mac/Library/Developer/Xcode/Archives/2021-01-29/Road Cam 2021-1-29, 13.44.xcarchive/Products/Applications/Pioneer.app' '/var/folders/5z/nnl2g_1d1_99_034v16bwj980000gn/T/XcodeDistPipeline.~~~AKxtGK/Root/Payload/Pioneer.app'
2021-01-29 05:44:52 +0000  >>> Copying /Users/mac/Library/Developer/Xcode/Archives/2021-01-29/Road Cam 2021-1-29, 13.44.xcarchive/Products/Applications/Pioneer.app 
2021-01-29 05:44:52 +0000  copying file ./_CodeSignature/CodeResources ... 
2021-01-29 05:44:52 +0000  45896 bytes for ./_CodeSignature/CodeResources
2021-01-29 05:44:52 +0000  copying file ./Dash Camera Interface EULA(French).docx ... 
2021-01-29 05:44:52 +0000  39864 bytes for ./Dash Camera Interface EULA(French).docx
2021-01-29 05:44:52 +0000  copying file ./APKFlodersView.nib ... 
2021-01-29 05:44:52 +0000  8347 bytes for ./APKFlodersView.nib
2021-01-29 05:44:52 +0000  copying file ./APKPlayerViewController.nib ... 
2021-01-29 05:44:52 +0000  6134 bytes for ./APKPlayerViewController.nib
2021-01-29 05:44:52 +0000  copying file ./zh-Hans.lproj/Main.strings ... 
2021-01-29 05:44:52 +0000  1 bytes for ./zh-Hans.lproj/Main.strings
2021-01-29 05:44:52 +0000  copying file ./zh-Hans.lproj/Localizable.strings ... 
2021-01-29 05:44:52 +0000  4011 bytes for ./zh-Hans.lproj/Localizable.strings
2021-01-29 05:44:52 +0000  copying file ./ja.lproj/Main.strings ... 
2021-01-29 05:44:52 +0000  6871 bytes for ./ja.lproj/Main.strings
2021-01-29 05:44:52 +0000  copying file ./ja.lproj/Localizable.strings ... 
2021-01-29 05:44:52 +0000  3971 bytes for ./ja.lproj/Localizable.strings
2021-01-29 05:44:52 +0000  copying file ./LaunchImage-1100-Portrait-2436h@3x.png ... 
2021-01-29 05:44:52 +0000  232951 bytes for ./LaunchImage-1100-Portrait-2436h@3x.png
2021-01-29 05:44:52 +0000  copying file ./Dash Camera Interface Privacy Policy(German).docx ... 
29454 bytes for ./Dash Camera Interface Privacy Policy(German).docx
2021-01-29 05:44:52 +0000  copying file ./AppIcon20x20@2x.png ... 
2021-01-29 05:44:52 +0000  3882 bytes for ./AppIcon20x20@2x.png
2021-01-29 05:44:52 +0000  copying file ./uk-UA.lproj/Main.strings ... 
2021-01-29 05:44:52 +0000  4756 bytes for ./uk-UA.lproj/Main.strings
copying file ./uk-UA.lproj/Localizable.strings ... 
2021-01-29 05:44:52 +0000  6384 bytes for ./uk-UA.lproj/Localizable.strings
2021-01-29 05:44:52 +0000  copying file ./en.lproj/Localizable.strings ... 
2021-01-29 05:44:52 +0000  4193 bytes for ./en.lproj/Localizable.strings
2021-01-29 05:44:52 +0000  copying file ./html - iOS(DU).pdf ... 
2021-01-29 05:44:52 +0000  1604074 bytes for ./html - iOS(DU).pdf
2021-01-29 05:44:52 +0000  copying file ./AppIcon20x20@3x.png ... 
6996 bytes for ./AppIcon20x20@3x.png
copying file ./Dash Camera Interface EULA(Italian).docx ... 
40508 bytes for ./Dash Camera Interface EULA(Italian).docx
copying file ./et.lproj/Main.strings ... 
4756 bytes for ./et.lproj/Main.strings
copying file ./et.lproj/Localizable.strings ... 
5463 bytes for ./et.lproj/Localizable.strings
copying file ./html - iOS(SP).pdf ... 
2021-01-29 05:44:52 +0000  1713878 bytes for ./html - iOS(SP).pdf
2021-01-29 05:44:52 +0000  copying file ./sk.lproj/Main.strings ... 
4756 bytes for ./sk.lproj/Main.strings
copying file ./sk.lproj/Localizable.strings ... 
6258 bytes for ./sk.lproj/Localizable.strings
copying file ./AppIcon60x60@2x.png ... 
17933 bytes for ./AppIcon60x60@2x.png
copying file ./Dash Camera Interface EULA(Russian).docx ... 
43199 bytes for ./Dash Camera Interface EULA(Russian).docx
copying file ./Dash Camera Interface EULA(Portuguese).docx ... 
38910 bytes for ./Dash Camera Interface EULA(Portuguese).docx
copying file ./AppIcon29x29@2x.png ... 
6619 bytes for ./AppIcon29x29@2x.png
copying file ./Dash Camera Intreface Privacy Policy(Russian).docx ... 
30676 bytes for ./Dash Camera Intreface Privacy Policy(Russian).docx
copying file ./Launch Screen.storyboardc/01J-lp-oVM-view-Ze5-6b-2t3.nib ... 
2021-01-29 05:44:52 +0000  2206 bytes for ./Launch Screen.storyboardc/01J-lp-oVM-view-Ze5-6b-2t3.nib
copying file ./Launch Screen.storyboardc/UIViewController-01J-lp-oVM.nib ... 
2021-01-29 05:44:52 +0000  896 bytes for ./Launch Screen.storyboardc/UIViewController-01J-lp-oVM.nib
copying file ./Launch Screen.storyboardc/Info.plist ... 
2021-01-29 05:44:52 +0000  258 bytes for ./Launch Screen.storyboardc/Info.plist
2021-01-29 05:44:52 +0000  copying file ./Dash Camera Interface EULA(Spanish).docx ... 
2021-01-29 05:44:52 +0000  47610 bytes for ./Dash Camera Interface EULA(Spanish).docx
2021-01-29 05:44:52 +0000  copying file ./LaunchImage-800-667h@2x.png ... 
2021-01-29 05:44:52 +0000  87945 bytes for ./LaunchImage-800-667h@2x.png
copying file ./Dash Camera Interface Privacy Policy(English).docx ... 
2021-01-29 05:44:52 +0000  29829 bytes for ./Dash Camera Interface Privacy Policy(English).docx
copying file ./AppIcon40x40@3x.png ... 
2021-01-29 05:44:52 +0000  17933 bytes for ./AppIcon40x40@3x.png
2021-01-29 05:44:52 +0000  copying file ./Dash Camera Interface EULA(Dutch).docx ... 
2021-01-29 05:44:52 +0000  29829 bytes for ./Dash Camera Interface EULA(Dutch).docx
2021-01-29 05:44:52 +0000  copying file ./Dash Camera Intreface Privacy Policy(Portuguese).docx ... 
2021-01-29 05:44:52 +0000  28892 bytes for ./Dash Camera Intreface Privacy Policy(Portuguese).docx
copying file ./AppIcon40x40@2x.png ... 
2021-01-29 05:44:52 +0000  10049 bytes for ./AppIcon40x40@2x.png
2021-01-29 05:44:52 +0000  copying file ./cs.lproj/Main.strings ... 
2021-01-29 05:44:52 +0000  4756 bytes for ./cs.lproj/Main.strings
copying file ./cs.lproj/Localizable.strings ... 
2021-01-29 05:44:52 +0000  5671 bytes for ./cs.lproj/Localizable.strings
2021-01-29 05:44:52 +0000  copying file ./html - iOS(FR).pdf ... 
2021-01-29 05:44:52 +0000  1631327 bytes for ./html - iOS(FR).pdf
copying file ./LaunchImage-1200-Portrait-2688h@3x.png ... 
2021-01-29 05:44:52 +0000  241587 bytes for ./LaunchImage-1200-Portrait-2688h@3x.png
copying file ./AppIcon29x29@3x.png ... 
11447 bytes for ./AppIcon29x29@3x.png
copying file ./【修正履歴なし】20200414(ja)_「ドライブレコーダーインターフェース」アプリ利用規約ver2.docx ... 
45571 bytes for ./【修正履歴なし】20200414(ja)_「ドライブレコーダーインターフェース」アプリ利用規約ver2.docx
copying file ./AppIcon60x60@3x.png ... 
29697 bytes for ./AppIcon60x60@3x.png
copying file ./Base.lproj/Main.storyboardc/STd-Im-iis-view-E4T-NQ-rsb.nib ... 
11244 bytes for ./Base.lproj/Main.storyboardc/STd-Im-iis-view-E4T-NQ-rsb.nib
copying file ./Base.lproj/Main.storyboardc/fdM-EZ-lTJ-view-RbG-nR-oUP.nib ... 
12022 bytes for ./Base.lproj/Main.storyboardc/fdM-EZ-lTJ-view-RbG-nR-oUP.nib
copying file ./Base.lproj/Main.storyboardc/UITableViewController-TAg-Oj-i7p.nib ... 
1963 bytes for ./Base.lproj/Main.storyboardc/UITableViewController-TAg-Oj-i7p.nib
copying file ./Base.lproj/Main.storyboardc/1ii-dm-aA7-view-aV9-UT-By6.nib ... 
2021-01-29 05:44:52 +0000  3711 bytes for ./Base.lproj/Main.storyboardc/1ii-dm-aA7-view-aV9-UT-By6.nib
copying file ./Base.lproj/Main.storyboardc/DoY-ED-BRB-view-oQb-T6-Hhw.nib ... 
5567 bytes for ./Base.lproj/Main.storyboardc/DoY-ED-BRB-view-oQb-T6-Hhw.nib
copying file ./Base.lproj/Main.storyboardc/UITableViewController-DoY-ED-BRB.nib ... 
2021-01-29 05:44:52 +0000  2317 bytes for ./Base.lproj/Main.storyboardc/UITableViewController-DoY-ED-BRB.nib
2021-01-29 05:44:52 +0000  copying file ./Base.lproj/Main.storyboardc/Qkp-rM-VrI-view-aCN-eu-JqC.nib ... 
2021-01-29 05:44:52 +0000  1918 bytes for ./Base.lproj/Main.storyboardc/Qkp-rM-VrI-view-aCN-eu-JqC.nib
copying file ./Base.lproj/Main.storyboardc/UIViewController-fdM-EZ-lTJ.nib ... 
2021-01-29 05:44:52 +0000  1432 bytes for ./Base.lproj/Main.storyboardc/UIViewController-fdM-EZ-lTJ.nib
2021-01-29 05:44:52 +0000  copying file ./Base.lproj/Main.storyboardc/pTr-4e-sD6-view-zKg-nN-2mE.nib ... 
2021-01-29 05:44:52 +0000  3525 bytes for ./Base.lproj/Main.storyboardc/pTr-4e-sD6-view-zKg-nN-2mE.nib
2021-01-29 05:44:52 +0000  copying file ./Base.lproj/Main.storyboardc/Klk-sx-xxF-view-zdA-f3-Gix.nib ... 
2021-01-29 05:44:52 +0000  1858 bytes for ./Base.lproj/Main.storyboardc/Klk-sx-xxF-view-zdA-f3-Gix.nib
copying file ./Base.lproj/Main.storyboardc/NLc-lO-jgG-view-AOt-3L-QAV.nib ... 
2021-01-29 05:44:52 +0000  8201 bytes for ./Base.lproj/Main.storyboardc/NLc-lO-jgG-view-AOt-3L-QAV.nib
copying file ./Base.lproj/Main.storyboardc/UIViewController-Klk-sx-xxF.nib ... 
2021-01-29 05:44:52 +0000  1790 bytes for ./Base.lproj/Main.storyboardc/UIViewController-Klk-sx-xxF.nib
2021-01-29 05:44:52 +0000  copying file ./Base.lproj/Main.storyboardc/YUn-MZ-pOr-view-h9M-gP-fuH.nib ... 
2021-01-29 05:44:52 +0000  10670 bytes for ./Base.lproj/Main.storyboardc/YUn-MZ-pOr-view-h9M-gP-fuH.nib
copying file ./Base.lproj/Main.storyboardc/da5-8N-V0l-view-2EB-CV-ibu.nib ... 
2021-01-29 05:44:52 +0000  32021 bytes for ./Base.lproj/Main.storyboardc/da5-8N-V0l-view-2EB-CV-ibu.nib
2021-01-29 05:44:52 +0000  copying file ./Base.lproj/Main.storyboardc/UITabBarController-H4d-7E-SMs.nib ... 
2021-01-29 05:44:52 +0000  5021 bytes for ./Base.lproj/Main.storyboardc/UITabBarController-H4d-7E-SMs.nib
2021-01-29 05:44:52 +0000  copying file ./Base.lproj/Main.storyboardc/UIViewController-STd-Im-iis.nib ... 
2021-01-29 05:44:52 +0000  1648 bytes for ./Base.lproj/Main.storyboardc/UIViewController-STd-Im-iis.nib
copying file ./Base.lproj/Main.storyboardc/UIViewController-pTr-4e-sD6.nib ... 
2021-01-29 05:44:52 +0000  969 bytes for ./Base.lproj/Main.storyboardc/UIViewController-pTr-4e-sD6.nib
2021-01-29 05:44:52 +0000  copying file ./Base.lproj/Main.storyboardc/APKAboutViewController.nib ... 
2021-01-29 05:44:52 +0000  2029 bytes for ./Base.lproj/Main.storyboardc/APKAboutViewController.nib
copying file ./Base.lproj/Main.storyboardc/TAg-Oj-i7p-view-jFe-hh-E6U.nib ... 
2021-01-29 05:44:52 +0000  7721 bytes for ./Base.lproj/Main.storyboardc/TAg-Oj-i7p-view-jFe-hh-E6U.nib
2021-01-29 05:44:52 +0000  copying file ./Base.lproj/Main.storyboardc/Info.plist ... 
2021-01-29 05:44:52 +0000  781 bytes for ./Base.lproj/Main.storyboardc/Info.plist
2021-01-29 05:44:52 +0000  copying file ./Base.lproj/Main.storyboardc/APKVideoPlayer.nib ... 
2021-01-29 05:44:52 +0000  1444 bytes for ./Base.lproj/Main.storyboardc/APKVideoPlayer.nib
2021-01-29 05:44:52 +0000  copying file ./html - iOS(IT).pdf ... 
2021-01-29 05:44:52 +0000  1755549 bytes for ./html - iOS(IT).pdf
copying file ./Assets.car ... 
2021-01-29 05:44:52 +0000  3273352 bytes for ./Assets.car
2021-01-29 05:44:52 +0000  copying file ./DataModal.momd/DataModal.mom ... 
1569 bytes for ./DataModal.momd/DataModal.mom
copying file ./DataModal.momd/VersionInfo.plist ... 
152 bytes for ./DataModal.momd/VersionInfo.plist
copying file ./APKPromiseView.nib ... 
3711 bytes for ./APKPromiseView.nib
copying file ./APKPhotosPageFooterView.nib ... 
2432 bytes for ./APKPhotosPageFooterView.nib
copying file ./LaunchImage-800-Portrait-736h@3x.png ... 
160300 bytes for ./LaunchImage-800-Portrait-736h@3x.png
copying file ./使用許諾書_Drive_Record_Interface_正式版 2.docx ... 
6925 bytes for ./使用許諾書_Drive_Record_Interface_正式版 2.docx
copying file ./LaunchImage-700@2x.png ... 
83671 bytes for ./LaunchImage-700@2x.png
copying file ./lv.lproj/Main.strings ... 
4756 bytes for ./lv.lproj/Main.strings
copying file ./lv.lproj/Localizable.strings ... 
6206 bytes for ./lv.lproj/Localizable.strings
copying file ./html - iOS(RU).pdf ... 
2021-01-29 05:44:52 +0000  1605290 bytes for ./html - iOS(RU).pdf
2021-01-29 05:44:52 +0000  copying file ./LaunchImage-700-568h@2x.png ... 
86481 bytes for ./LaunchImage-700-568h@2x.png
copying file ./lt.lproj/Main.strings ... 
4756 bytes for ./lt.lproj/Main.strings
copying file ./lt.lproj/Localizable.strings ... 
5862 bytes for ./lt.lproj/Localizable.strings
copying file ./ru.lproj/Main.strings ... 
4756 bytes for ./ru.lproj/Main.strings
copying file ./ru.lproj/Localizable.strings ... 
6570 bytes for ./ru.lproj/Localizable.strings
copying file ./LaunchImage-1200-Portrait-1792h@2x.png ... 
149514 bytes for ./LaunchImage-1200-Portrait-1792h@2x.png
copying file ./html - iOS(POR).pdf ... 
2021-01-29 05:44:52 +0000  1600050 bytes for ./html - iOS(POR).pdf
copying file ./Pioneer ... 
2021-01-29 05:44:52 +0000  31701600 bytes for ./Pioneer
2021-01-29 05:44:52 +0000  copying file ./html - iOS(GER).pdf ... 
2021-01-29 05:44:52 +0000  1608753 bytes for ./html - iOS(GER).pdf
2021-01-29 05:44:52 +0000  copying file ./MWPhotoBrowser.bundle/images/UIBarButtonItemGridiOS6.png ... 
1028 bytes for ./MWPhotoBrowser.bundle/images/UIBarButtonItemGridiOS6.png
copying file ./MWPhotoBrowser.bundle/images/UIBarButtonItemArrowLeft.png ... 
1169 bytes for ./MWPhotoBrowser.bundle/images/UIBarButtonItemArrowLeft.png
copying file ./MWPhotoBrowser.bundle/images/ImageSelectedSmallOn.png ... 
2141 bytes for ./MWPhotoBrowser.bundle/images/ImageSelectedSmallOn.png
copying file ./MWPhotoBrowser.bundle/images/UIBarButtonItemGrid.png ... 
1044 bytes for ./MWPhotoBrowser.bundle/images/UIBarButtonItemGrid.png
copying file ./MWPhotoBrowser.bundle/images/UIBarButtonItemGrid@2x.png ... 
1063 bytes for ./MWPhotoBrowser.bundle/images/UIBarButtonItemGrid@2x.png
copying file ./MWPhotoBrowser.bundle/images/ImageSelectedOff.png ... 
2641 bytes for ./MWPhotoBrowser.bundle/images/ImageSelectedOff.png
copying file ./MWPhotoBrowser.bundle/images/ImageError@2x.png ... 
1533 bytes for ./MWPhotoBrowser.bundle/images/ImageError@2x.png
copying file ./MWPhotoBrowser.bundle/images/ImageSelectedSmallOff@2x.png ... 
2021-01-29 05:44:52 +0000  3296 bytes for ./MWPhotoBrowser.bundle/images/ImageSelectedSmallOff@2x.png
2021-01-29 05:44:52 +0000  copying file ./MWPhotoBrowser.bundle/images/UIBarButtonItemArrowRight.png ... 
2021-01-29 05:44:52 +0000  1158 bytes for ./MWPhotoBrowser.bundle/images/UIBarButtonItemArrowRight.png
2021-01-29 05:44:52 +0000  copying file ./MWPhotoBrowser.bundle/images/ImageError.png ... 
2021-01-29 05:44:52 +0000  1187 bytes for ./MWPhotoBrowser.bundle/images/ImageError.png
copying file ./MWPhotoBrowser.bundle/images/Checkmark.png ... 
2021-01-29 05:44:52 +0000  1609 bytes for ./MWPhotoBrowser.bundle/images/Checkmark.png
2021-01-29 05:44:52 +0000  copying file ./MWPhotoBrowser.bundle/images/ImageSelectedOn.png ... 
2021-01-29 05:44:52 +0000  2682 bytes for ./MWPhotoBrowser.bundle/images/ImageSelectedOn.png
2021-01-29 05:44:52 +0000  copying file ./MWPhotoBrowser.bundle/images/ImageSelectedOff@2x.png ... 
2021-01-29 05:44:52 +0000  4839 bytes for ./MWPhotoBrowser.bundle/images/ImageSelectedOff@2x.png
2021-01-29 05:44:52 +0000  copying file ./MWPhotoBrowser.bundle/images/UIBarButtonItemArrowLeft@2x.png ... 
2021-01-29 05:44:52 +0000  1360 bytes for ./MWPhotoBrowser.bundle/images/UIBarButtonItemArrowLeft@2x.png
copying file ./MWPhotoBrowser.bundle/images/ImageSelectedSmallOff.png ... 
2021-01-29 05:44:52 +0000  1932 bytes for ./MWPhotoBrowser.bundle/images/ImageSelectedSmallOff.png
2021-01-29 05:44:52 +0000  copying file ./MWPhotoBrowser.bundle/images/UIBarButtonItemArrowRight@2x.png ... 
2021-01-29 05:44:52 +0000  1355 bytes for ./MWPhotoBrowser.bundle/images/UIBarButtonItemArrowRight@2x.png
2021-01-29 05:44:52 +0000  copying file ./MWPhotoBrowser.bundle/images/UIBarButtonItemArrowOutlineLeft.png ... 
2021-01-29 05:44:52 +0000  1135 bytes for ./MWPhotoBrowser.bundle/images/UIBarButtonItemArrowOutlineLeft.png
2021-01-29 05:44:52 +0000  copying file ./MWPhotoBrowser.bundle/images/Checkmark@2x.png ... 
2021-01-29 05:44:52 +0000  2156 bytes for ./MWPhotoBrowser.bundle/images/Checkmark@2x.png
2021-01-29 05:44:52 +0000  copying file ./MWPhotoBrowser.bundle/images/UIBarButtonItemArrowOutlineRight.png ... 
2021-01-29 05:44:52 +0000  1115 bytes for ./MWPhotoBrowser.bundle/images/UIBarButtonItemArrowOutlineRight.png
2021-01-29 05:44:52 +0000  copying file ./MWPhotoBrowser.bundle/images/ImageSelectedOn@2x.png ... 
2021-01-29 05:44:52 +0000  4571 bytes for ./MWPhotoBrowser.bundle/images/ImageSelectedOn@2x.png
2021-01-29 05:44:52 +0000  copying file ./MWPhotoBrowser.bundle/images/UIBarButtonItemGridiOS6@2x.png ... 
2021-01-29 05:44:52 +0000  1058 bytes for ./MWPhotoBrowser.bundle/images/UIBarButtonItemGridiOS6@2x.png
copying file ./MWPhotoBrowser.bundle/images/UIBarButtonItemArrowOutlineRight@2x.png ... 
1253 bytes for ./MWPhotoBrowser.bundle/images/UIBarButtonItemArrowOutlineRight@2x.png
copying file ./MWPhotoBrowser.bundle/images/ImageSelectedSmallOn@2x.png ... 
3543 bytes for ./MWPhotoBrowser.bundle/images/ImageSelectedSmallOn@2x.png
copying file ./MWPhotoBrowser.bundle/images/UIBarButtonItemArrowOutlineLeft@2x.png ... 
1261 bytes for ./MWPhotoBrowser.bundle/images/UIBarButtonItemArrowOutlineLeft@2x.png
2021-01-29 05:44:52 +0000  copying file ./pl-PL.lproj/Main.strings ... 
4756 bytes for ./pl-PL.lproj/Main.strings
copying file ./pl-PL.lproj/Localizable.strings ... 
5632 bytes for ./pl-PL.lproj/Localizable.strings
2021-01-29 05:44:52 +0000  copying file ./200311 OSS儔僀僙儞僗暥亜[KX085,KX086]iOS傾僾儕 (僀儞僞乕僼僃乕僗) 亜愝掕尵岅=僼儔儞僗岅.pdf ... 
2021-01-29 05:44:52 +0000  124525 bytes for ./200311 OSS儔僀僙儞僗暥亜[KX085,KX086]iOS傾僾儕 (僀儞僞乕僼僃乕僗) 亜愝掕尵岅=僼儔儞僗岅.pdf
2021-01-29 05:44:52 +0000  copying file ./Dash Camera Interface EULA(English).docx ... 
2021-01-29 05:44:52 +0000  42997 bytes for ./Dash Camera Interface EULA(English).docx
2021-01-29 05:44:52 +0000  copying file ./Dash Camera Interface Privacy Policy(Dutch).docx ... 
2021-01-29 05:44:52 +0000  20448 bytes for ./Dash Camera Interface Privacy Policy(Dutch).docx
2021-01-29 05:44:52 +0000  copying file ./Dash Camera Interface Privacy Policy(Spanish).docx ... 
2021-01-29 05:44:52 +0000  34942 bytes for ./Dash Camera Interface Privacy Policy(Spanish).docx
copying file ./embedded.mobileprovision ... 
2021-01-29 05:44:52 +0000  11164 bytes for ./embedded.mobileprovision
2021-01-29 05:44:52 +0000  copying file ./html - iOS（UK）.pdf ... 
2021-01-29 05:44:52 +0000  1565864 bytes for ./html - iOS（UK）.pdf
copying file ./license-jp_ios.pdf ... 
2021-01-29 05:44:52 +0000  86721 bytes for ./license-jp_ios.pdf
copying file ./Dash Camera Interface Privacy Policy(French).docx ... 
29336 bytes for ./Dash Camera Interface Privacy Policy(French).docx
copying file ./Info.plist ... 
1958 bytes for ./Info.plist
copying file ./200311 OSS儔僀僙儞僗暥亜[KX085,KX086]iOS傾僾儕 (僀儞僞乕僼僃乕僗) 亜愝掕尵岅=擔杮岅丄僼儔儞僗岅埲奜.pdf ... 
73303 bytes for ./200311 OSS儔僀僙儞僗暥亜[KX085,KX086]iOS傾僾儕 (僀儞僞乕僼僃乕僗) 亜愝掕尵岅=擔杮岅丄僼儔儞僗岅埲奜.pdf
copying file ./PkgInfo ... 
8 bytes for ./PkgInfo
copying file ./Dash Camera Interface EULA(German).docx ... 
40513 bytes for ./Dash Camera Interface EULA(German).docx
copying file ./Dash Camera Interface Privacy Policy (Italian).docx ... 
29210 bytes for ./Dash Camera Interface Privacy Policy (Italian).docx
copying file ./APKDownloadInfoView.nib ... 
5555 bytes for ./APKDownloadInfoView.nib
2021-01-29 05:44:52 +0000  /usr/bin/ditto exited with 0
2021-01-29 05:44:52 +0000  Processing step: IDEDistributionEmbedProfileStep
2021-01-29 05:44:52 +0000  Processing step: IDEDistributionInfoPlistStep
2021-01-29 05:44:52 +0000  Skipping step: IDEDistributionInfoPlistStep because it said so
2021-01-29 05:44:52 +0000  Processing step: IDEDistributionAppThinningPlistStep
2021-01-29 05:44:52 +0000  Skipping step: IDEDistributionAppThinningPlistStep because it said so
2021-01-29 05:44:52 +0000  Processing step: IDEDistributionCompileBitcodeStep
2021-01-29 05:44:52 +0000  Skipping step: IDEDistributionCompileBitcodeStep because it said so
2021-01-29 05:44:52 +0000  Processing step: IDEDistributionCodeSlimmingStep
2021-01-29 05:44:52 +0000  Processing step: IDEDistributionCopyBCSymbolMapsStep
2021-01-29 05:44:52 +0000  Skipping step: IDEDistributionCopyBCSymbolMapsStep because it said so
2021-01-29 05:44:52 +0000  Processing step: IDEDistributionSymbolsStep
2021-01-29 05:44:52 +0000  Skipping step: IDEDistributionSymbolsStep because it said so
2021-01-29 05:44:52 +0000  Processing step: IDEDistributionAppThinningStep
2021-01-29 05:44:52 +0000  Skipping step: IDEDistributionAppThinningStep because it said so
2021-01-29 05:44:52 +0000  Processing step: IDEDistributionArchThinningStep
2021-01-29 05:44:52 +0000  Running /Applications/Xcode.app/Contents/Developer/Toolchains/XcodeDefault.xctoolchain/usr/bin/lipo '/var/folders/5z/nnl2g_1d1_99_034v16bwj980000gn/T/XcodeDistPipeline.~~~AKxtGK/Root/Payload/Pioneer.app/Pioneer' '-verify_arch' 'arm64e'
2021-01-29 05:44:52 +0000  /Applications/Xcode.app/Contents/Developer/Toolchains/XcodeDefault.xctoolchain/usr/bin/lipo exited with 1
2021-01-29 05:44:52 +0000  Skipping architecture thinning for item "Pioneer" because arch "arm64e" wasn't found
2021-01-29 05:44:52 +0000  Processing step: IDEDistributionODRStep
2021-01-29 05:44:52 +0000  Processing step: IDEDistributionStripXattrsStep
2021-01-29 05:44:52 +0000  Running /usr/bin/xattr '-crs' '/var/folders/5z/nnl2g_1d1_99_034v16bwj980000gn/T/XcodeDistPipeline.~~~AKxtGK/Root/Payload/Pioneer.app'
2021-01-29 05:44:53 +0000  /usr/bin/xattr exited with 0
2021-01-29 05:44:53 +0000  Processing step: IDEDistributionCodesignStep
2021-01-29 05:44:53 +0000  Entitlements for <IDEDistributionItem: 0x7fc19dd19510; bundleID='com.apical.xianfeng', path='<DVTFilePath:0x7fc1a347bb50:'/Users/mac/Library/Developer/Xcode/Archives/2021-01-29/Road Cam 2021-1-29, 13.44.xcarchive/Products/Applications/Pioneer.app'>', codeSigningInfo='<_DVTCodeSigningInformation_Path: 0x7fc19dd53a50; isSigned='1', isAdHocSigned='0', signingCertificate='<DVTSigningCertificate: 0x7fc19ddad760; name='Apple Development: Fuchi Li (36RX2K6M8J)', hash='39BB1ECF85ADDFF3CC3AAE4027BE20B5B4EF8A26', serialNumber='4D407E4AF7E7C134', certificateKinds='(
    "1.2.840.113635.100.6.1.12",
    "1.2.840.113635.100.6.1.2"
), issueDate='2020-03-31 08:13:34 +0000''>', entitlements='{
    "application-identifier" = "7JA3J4SM22.com.apical.xianfeng";
    "com.apple.developer.team-identifier" = 7JA3J4SM22;
    "get-task-allow" = 1;
    "keychain-access-groups" =     (
        "7JA3J4SM22.com.apical.xianfeng"
    );
}', teamID='7JA3J4SM22', identifier='com.apical.xianfeng', executablePath='<DVTFilePath:0x7fc19ddc6540:'/Users/mac/Library/Developer/Xcode/Archives/2021-01-29/Road Cam 2021-1-29, 13.44.xcarchive/Products/Applications/Pioneer.app/Pioneer'>', hardenedRuntime='0'>'>: {
    "application-identifier" = "7JA3J4SM22.com.apical.xianfeng";
    "com.apple.developer.team-identifier" = 7JA3J4SM22;
    "get-task-allow" = 1;
    "keychain-access-groups" =     (
        "7JA3J4SM22.com.apical.xianfeng"
    );
}
2021-01-29 05:44:53 +0000  Writing entitlements for <IDEDistributionItem: 0x7fc19dd19510; bundleID='com.apical.xianfeng', path='<DVTFilePath:0x7fc1a347bb50:'/Users/mac/Library/Developer/Xcode/Archives/2021-01-29/Road Cam 2021-1-29, 13.44.xcarchive/Products/Applications/Pioneer.app'>', codeSigningInfo='<_DVTCodeSigningInformation_Path: 0x7fc19dd53a50; isSigned='1', isAdHocSigned='0', signingCertificate='<DVTSigningCertificate: 0x7fc19ddd0710; name='Apple Development: Fuchi Li (36RX2K6M8J)', hash='39BB1ECF85ADDFF3CC3AAE4027BE20B5B4EF8A26', serialNumber='4D407E4AF7E7C134', certificateKinds='(
    "1.2.840.113635.100.6.1.12",
    "1.2.840.113635.100.6.1.2"
), issueDate='2020-03-31 08:13:34 +0000''>', entitlements='{
    "application-identifier" = "7JA3J4SM22.com.apical.xianfeng";
    "com.apple.developer.team-identifier" = 7JA3J4SM22;
    "get-task-allow" = 1;
    "keychain-access-groups" =     (
        "7JA3J4SM22.com.apical.xianfeng"
    );
}', teamID='7JA3J4SM22', identifier='com.apical.xianfeng', executablePath='<DVTFilePath:0x7fc19ddc6540:'/Users/mac/Library/Developer/Xcode/Archives/2021-01-29/Road Cam 2021-1-29, 13.44.xcarchive/Products/Applications/Pioneer.app/Pioneer'>', hardenedRuntime='0'>'> to: /var/folders/5z/nnl2g_1d1_99_034v16bwj980000gn/T/XcodeDistPipeline.~~~AKxtGK/entitlements~~~GqX8G5
2021-01-29 05:44:53 +0000  Running /usr/bin/codesign '-vvv' '--force' '--sign' '39BB1ECF85ADDFF3CC3AAE4027BE20B5B4EF8A26' '--entitlements' '/var/folders/5z/nnl2g_1d1_99_034v16bwj980000gn/T/XcodeDistPipeline.~~~AKxtGK/entitlements~~~GqX8G5' '--preserve-metadata=identifier,flags,runtime' '/var/folders/5z/nnl2g_1d1_99_034v16bwj980000gn/T/XcodeDistPipeline.~~~AKxtGK/Root/Payload/Pioneer.app'
2021-01-29 05:44:53 +0000  /var/folders/5z/nnl2g_1d1_99_034v16bwj980000gn/T/XcodeDistPipeline.~~~AKxtGK/Root/Payload/Pioneer.app: replacing existing signature
2021-01-29 05:44:53 +0000  /var/folders/5z/nnl2g_1d1_99_034v16bwj980000gn/T/XcodeDistPipeline.~~~AKxtGK/Root/Payload/Pioneer.app: signed app bundle with Mach-O universal (armv7 arm64) [com.apical.xianfeng]
2021-01-29 05:44:53 +0000  /usr/bin/codesign exited with 0
2021-01-29 05:44:53 +0000  Processing step: IDEDistributionZipODRItemStep
2021-01-29 05:44:53 +0000  Skipping step: IDEDistributionZipODRItemStep because it said so
2021-01-29 05:44:53 +0000  Processing step: IDEDistributionCreateIPAStep
2021-01-29 05:44:53 +0000  Running /usr/bin/ditto '-V' '-c' '-k' '--norsrc' '/var/folders/5z/nnl2g_1d1_99_034v16bwj980000gn/T/XcodeDistPipeline.~~~AKxtGK/Root' '/var/folders/5z/nnl2g_1d1_99_034v16bwj980000gn/T/XcodeDistPipeline.~~~AKxtGK/Packages/Road Cam.ipa'
2021-01-29 05:44:53 +0000  >>> Copying /var/folders/5z/nnl2g_1d1_99_034v16bwj980000gn/T/XcodeDistPipeline.~~~AKxtGK/Root 
2021-01-29 05:44:53 +0000  copying file ./Payload/Pioneer.app/_CodeSignature/CodeResources ... 
2021-01-29 05:44:53 +0000  45896 bytes for ./Payload/Pioneer.app/_CodeSignature/CodeResources
2021-01-29 05:44:53 +0000  copying file ./Payload/Pioneer.app/Dash Camera Interface EULA(French).docx ... 
2021-01-29 05:44:53 +0000  39864 bytes for ./Payload/Pioneer.app/Dash Camera Interface EULA(French).docx
copying file ./Payload/Pioneer.app/APKFlodersView.nib ... 
2021-01-29 05:44:53 +0000  8347 bytes for ./Payload/Pioneer.app/APKFlodersView.nib
copying file ./Payload/Pioneer.app/APKPlayerViewController.nib ... 
2021-01-29 05:44:53 +0000  6134 bytes for ./Payload/Pioneer.app/APKPlayerViewController.nib
2021-01-29 05:44:53 +0000  copying file ./Payload/Pioneer.app/zh-Hans.lproj/Main.strings ... 
1 bytes for ./Payload/Pioneer.app/zh-Hans.lproj/Main.strings
2021-01-29 05:44:53 +0000  copying file ./Payload/Pioneer.app/zh-Hans.lproj/Localizable.strings ... 
2021-01-29 05:44:53 +0000  4011 bytes for ./Payload/Pioneer.app/zh-Hans.lproj/Localizable.strings
2021-01-29 05:44:53 +0000  copying file ./Payload/Pioneer.app/ja.lproj/Main.strings ... 
2021-01-29 05:44:53 +0000  6871 bytes for ./Payload/Pioneer.app/ja.lproj/Main.strings
2021-01-29 05:44:53 +0000  copying file ./Payload/Pioneer.app/ja.lproj/Localizable.strings ... 
2021-01-29 05:44:53 +0000  3971 bytes for ./Payload/Pioneer.app/ja.lproj/Localizable.strings
copying file ./Payload/Pioneer.app/LaunchImage-1100-Portrait-2436h@3x.png ... 
2021-01-29 05:44:53 +0000  232951 bytes for ./Payload/Pioneer.app/LaunchImage-1100-Portrait-2436h@3x.png
2021-01-29 05:44:53 +0000  copying file ./Payload/Pioneer.app/Dash Camera Interface Privacy Policy(German).docx ... 
2021-01-29 05:44:53 +0000  29454 bytes for ./Payload/Pioneer.app/Dash Camera Interface Privacy Policy(German).docx
2021-01-29 05:44:53 +0000  copying file ./Payload/Pioneer.app/AppIcon20x20@2x.png ... 
2021-01-29 05:44:53 +0000  3882 bytes for ./Payload/Pioneer.app/AppIcon20x20@2x.png
copying file ./Payload/Pioneer.app/uk-UA.lproj/Main.strings ... 
2021-01-29 05:44:53 +0000  4756 bytes for ./Payload/Pioneer.app/uk-UA.lproj/Main.strings
copying file ./Payload/Pioneer.app/uk-UA.lproj/Localizable.strings ... 
2021-01-29 05:44:53 +0000  6384 bytes for ./Payload/Pioneer.app/uk-UA.lproj/Localizable.strings
2021-01-29 05:44:53 +0000  copying file ./Payload/Pioneer.app/en.lproj/Localizable.strings ... 
2021-01-29 05:44:53 +0000  4193 bytes for ./Payload/Pioneer.app/en.lproj/Localizable.strings
2021-01-29 05:44:53 +0000  copying file ./Payload/Pioneer.app/html - iOS(DU).pdf ... 
2021-01-29 05:44:53 +0000  1604074 bytes for ./Payload/Pioneer.app/html - iOS(DU).pdf
2021-01-29 05:44:53 +0000  copying file ./Payload/Pioneer.app/AppIcon20x20@3x.png ... 
2021-01-29 05:44:53 +0000  6996 bytes for ./Payload/Pioneer.app/AppIcon20x20@3x.png
copying file ./Payload/Pioneer.app/Dash Camera Interface EULA(Italian).docx ... 
2021-01-29 05:44:53 +0000  40508 bytes for ./Payload/Pioneer.app/Dash Camera Interface EULA(Italian).docx
2021-01-29 05:44:53 +0000  copying file ./Payload/Pioneer.app/et.lproj/Main.strings ... 
2021-01-29 05:44:53 +0000  4756 bytes for ./Payload/Pioneer.app/et.lproj/Main.strings
copying file ./Payload/Pioneer.app/et.lproj/Localizable.strings ... 
2021-01-29 05:44:53 +0000  5463 bytes for ./Payload/Pioneer.app/et.lproj/Localizable.strings
2021-01-29 05:44:53 +0000  copying file ./Payload/Pioneer.app/html - iOS(SP).pdf ... 
2021-01-29 05:44:53 +0000  1713878 bytes for ./Payload/Pioneer.app/html - iOS(SP).pdf
2021-01-29 05:44:53 +0000  copying file ./Payload/Pioneer.app/sk.lproj/Main.strings ... 
2021-01-29 05:44:53 +0000  4756 bytes for ./Payload/Pioneer.app/sk.lproj/Main.strings
copying file ./Payload/Pioneer.app/sk.lproj/Localizable.strings ... 
2021-01-29 05:44:53 +0000  6258 bytes for ./Payload/Pioneer.app/sk.lproj/Localizable.strings
2021-01-29 05:44:53 +0000  copying file ./Payload/Pioneer.app/AppIcon60x60@2x.png ... 
2021-01-29 05:44:53 +0000  17933 bytes for ./Payload/Pioneer.app/AppIcon60x60@2x.png
copying file ./Payload/Pioneer.app/Dash Camera Interface EULA(Russian).docx ... 
2021-01-29 05:44:53 +0000  43199 bytes for ./Payload/Pioneer.app/Dash Camera Interface EULA(Russian).docx
2021-01-29 05:44:53 +0000  copying file ./Payload/Pioneer.app/Dash Camera Interface EULA(Portuguese).docx ... 
2021-01-29 05:44:53 +0000  38910 bytes for ./Payload/Pioneer.app/Dash Camera Interface EULA(Portuguese).docx
copying file ./Payload/Pioneer.app/AppIcon29x29@2x.png ... 
2021-01-29 05:44:53 +0000  6619 bytes for ./Payload/Pioneer.app/AppIcon29x29@2x.png
copying file ./Payload/Pioneer.app/Dash Camera Intreface Privacy Policy(Russian).docx ... 
2021-01-29 05:44:53 +0000  30676 bytes for ./Payload/Pioneer.app/Dash Camera Intreface Privacy Policy(Russian).docx
2021-01-29 05:44:53 +0000  copying file ./Payload/Pioneer.app/Launch Screen.storyboardc/01J-lp-oVM-view-Ze5-6b-2t3.nib ... 
2021-01-29 05:44:53 +0000  2206 bytes for ./Payload/Pioneer.app/Launch Screen.storyboardc/01J-lp-oVM-view-Ze5-6b-2t3.nib
copying file ./Payload/Pioneer.app/Launch Screen.storyboardc/UIViewController-01J-lp-oVM.nib ... 
2021-01-29 05:44:53 +0000  896 bytes for ./Payload/Pioneer.app/Launch Screen.storyboardc/UIViewController-01J-lp-oVM.nib
copying file ./Payload/Pioneer.app/Launch Screen.storyboardc/Info.plist ... 
2021-01-29 05:44:53 +0000  258 bytes for ./Payload/Pioneer.app/Launch Screen.storyboardc/Info.plist
copying file ./Payload/Pioneer.app/Dash Camera Interface EULA(Spanish).docx ... 
2021-01-29 05:44:53 +0000  47610 bytes for ./Payload/Pioneer.app/Dash Camera Interface EULA(Spanish).docx
copying file ./Payload/Pioneer.app/LaunchImage-800-667h@2x.png ... 
2021-01-29 05:44:53 +0000  87945 bytes for ./Payload/Pioneer.app/LaunchImage-800-667h@2x.png
2021-01-29 05:44:53 +0000  copying file ./Payload/Pioneer.app/Dash Camera Interface Privacy Policy(English).docx ... 
2021-01-29 05:44:53 +0000  29829 bytes for ./Payload/Pioneer.app/Dash Camera Interface Privacy Policy(English).docx
copying file ./Payload/Pioneer.app/AppIcon40x40@3x.png ... 
2021-01-29 05:44:53 +0000  17933 bytes for ./Payload/Pioneer.app/AppIcon40x40@3x.png
copying file ./Payload/Pioneer.app/Dash Camera Interface EULA(Dutch).docx ... 
2021-01-29 05:44:53 +0000  29829 bytes for ./Payload/Pioneer.app/Dash Camera Interface EULA(Dutch).docx
2021-01-29 05:44:53 +0000  copying file ./Payload/Pioneer.app/Dash Camera Intreface Privacy Policy(Portuguese).docx ... 
2021-01-29 05:44:53 +0000  28892 bytes for ./Payload/Pioneer.app/Dash Camera Intreface Privacy Policy(Portuguese).docx
copying file ./Payload/Pioneer.app/AppIcon40x40@2x.png ... 
2021-01-29 05:44:53 +0000  10049 bytes for ./Payload/Pioneer.app/AppIcon40x40@2x.png
2021-01-29 05:44:53 +0000  copying file ./Payload/Pioneer.app/cs.lproj/Main.strings ... 
2021-01-29 05:44:53 +0000  4756 bytes for ./Payload/Pioneer.app/cs.lproj/Main.strings
copying file ./Payload/Pioneer.app/cs.lproj/Localizable.strings ... 
2021-01-29 05:44:53 +0000  5671 bytes for ./Payload/Pioneer.app/cs.lproj/Localizable.strings
2021-01-29 05:44:53 +0000  copying file ./Payload/Pioneer.app/html - iOS(FR).pdf ... 
2021-01-29 05:44:53 +0000  1631327 bytes for ./Payload/Pioneer.app/html - iOS(FR).pdf
2021-01-29 05:44:53 +0000  copying file ./Payload/Pioneer.app/LaunchImage-1200-Portrait-2688h@3x.png ... 
2021-01-29 05:44:53 +0000  241587 bytes for ./Payload/Pioneer.app/LaunchImage-1200-Portrait-2688h@3x.png
copying file ./Payload/Pioneer.app/AppIcon29x29@3x.png ... 
2021-01-29 05:44:53 +0000  11447 bytes for ./Payload/Pioneer.app/AppIcon29x29@3x.png
2021-01-29 05:44:53 +0000  copying file ./Payload/Pioneer.app/【修正履歴なし】20200414(ja)_「ドライブレコーダーインターフェース」アプリ利用規約ver2.docx ... 
2021-01-29 05:44:53 +0000  45571 bytes for ./Payload/Pioneer.app/【修正履歴なし】20200414(ja)_「ドライブレコーダーインターフェース」アプリ利用規約ver2.docx
copying file ./Payload/Pioneer.app/AppIcon60x60@3x.png ... 
2021-01-29 05:44:53 +0000  29697 bytes for ./Payload/Pioneer.app/AppIcon60x60@3x.png
2021-01-29 05:44:53 +0000  copying file ./Payload/Pioneer.app/Base.lproj/Main.storyboardc/STd-Im-iis-view-E4T-NQ-rsb.nib ... 
2021-01-29 05:44:53 +0000  11244 bytes for ./Payload/Pioneer.app/Base.lproj/Main.storyboardc/STd-Im-iis-view-E4T-NQ-rsb.nib
2021-01-29 05:44:53 +0000  copying file ./Payload/Pioneer.app/Base.lproj/Main.storyboardc/fdM-EZ-lTJ-view-RbG-nR-oUP.nib ... 
2021-01-29 05:44:53 +0000  12022 bytes for ./Payload/Pioneer.app/Base.lproj/Main.storyboardc/fdM-EZ-lTJ-view-RbG-nR-oUP.nib
2021-01-29 05:44:53 +0000  copying file ./Payload/Pioneer.app/Base.lproj/Main.storyboardc/UITableViewController-TAg-Oj-i7p.nib ... 
2021-01-29 05:44:53 +0000  1963 bytes for ./Payload/Pioneer.app/Base.lproj/Main.storyboardc/UITableViewController-TAg-Oj-i7p.nib
copying file ./Payload/Pioneer.app/Base.lproj/Main.storyboardc/1ii-dm-aA7-view-aV9-UT-By6.nib ... 
2021-01-29 05:44:53 +0000  3711 bytes for ./Payload/Pioneer.app/Base.lproj/Main.storyboardc/1ii-dm-aA7-view-aV9-UT-By6.nib
2021-01-29 05:44:53 +0000  copying file ./Payload/Pioneer.app/Base.lproj/Main.storyboardc/DoY-ED-BRB-view-oQb-T6-Hhw.nib ... 
2021-01-29 05:44:53 +0000  5567 bytes for ./Payload/Pioneer.app/Base.lproj/Main.storyboardc/DoY-ED-BRB-view-oQb-T6-Hhw.nib
2021-01-29 05:44:53 +0000  copying file ./Payload/Pioneer.app/Base.lproj/Main.storyboardc/UITableViewController-DoY-ED-BRB.nib ... 
2021-01-29 05:44:53 +0000  2317 bytes for ./Payload/Pioneer.app/Base.lproj/Main.storyboardc/UITableViewController-DoY-ED-BRB.nib
copying file ./Payload/Pioneer.app/Base.lproj/Main.storyboardc/Qkp-rM-VrI-view-aCN-eu-JqC.nib ... 
2021-01-29 05:44:53 +0000  1918 bytes for ./Payload/Pioneer.app/Base.lproj/Main.storyboardc/Qkp-rM-VrI-view-aCN-eu-JqC.nib
copying file ./Payload/Pioneer.app/Base.lproj/Main.storyboardc/UIViewController-fdM-EZ-lTJ.nib ... 
2021-01-29 05:44:53 +0000  1432 bytes for ./Payload/Pioneer.app/Base.lproj/Main.storyboardc/UIViewController-fdM-EZ-lTJ.nib
copying file ./Payload/Pioneer.app/Base.lproj/Main.storyboardc/pTr-4e-sD6-view-zKg-nN-2mE.nib ... 
2021-01-29 05:44:53 +0000  3525 bytes for ./Payload/Pioneer.app/Base.lproj/Main.storyboardc/pTr-4e-sD6-view-zKg-nN-2mE.nib
copying file ./Payload/Pioneer.app/Base.lproj/Main.storyboardc/Klk-sx-xxF-view-zdA-f3-Gix.nib ... 
2021-01-29 05:44:53 +0000  1858 bytes for ./Payload/Pioneer.app/Base.lproj/Main.storyboardc/Klk-sx-xxF-view-zdA-f3-Gix.nib
copying file ./Payload/Pioneer.app/Base.lproj/Main.storyboardc/NLc-lO-jgG-view-AOt-3L-QAV.nib ... 
2021-01-29 05:44:53 +0000  8201 bytes for ./Payload/Pioneer.app/Base.lproj/Main.storyboardc/NLc-lO-jgG-view-AOt-3L-QAV.nib
copying file ./Payload/Pioneer.app/Base.lproj/Main.storyboardc/UIViewController-Klk-sx-xxF.nib ... 
2021-01-29 05:44:53 +0000  1790 bytes for ./Payload/Pioneer.app/Base.lproj/Main.storyboardc/UIViewController-Klk-sx-xxF.nib
2021-01-29 05:44:53 +0000  copying file ./Payload/Pioneer.app/Base.lproj/Main.storyboardc/YUn-MZ-pOr-view-h9M-gP-fuH.nib ... 
2021-01-29 05:44:53 +0000  10670 bytes for ./Payload/Pioneer.app/Base.lproj/Main.storyboardc/YUn-MZ-pOr-view-h9M-gP-fuH.nib
2021-01-29 05:44:53 +0000  copying file ./Payload/Pioneer.app/Base.lproj/Main.storyboardc/da5-8N-V0l-view-2EB-CV-ibu.nib ... 
2021-01-29 05:44:53 +0000  32021 bytes for ./Payload/Pioneer.app/Base.lproj/Main.storyboardc/da5-8N-V0l-view-2EB-CV-ibu.nib
2021-01-29 05:44:53 +0000  copying file ./Payload/Pioneer.app/Base.lproj/Main.storyboardc/UITabBarController-H4d-7E-SMs.nib ... 
2021-01-29 05:44:53 +0000  5021 bytes for ./Payload/Pioneer.app/Base.lproj/Main.storyboardc/UITabBarController-H4d-7E-SMs.nib
2021-01-29 05:44:53 +0000  copying file ./Payload/Pioneer.app/Base.lproj/Main.storyboardc/UIViewController-STd-Im-iis.nib ... 
2021-01-29 05:44:53 +0000  1648 bytes for ./Payload/Pioneer.app/Base.lproj/Main.storyboardc/UIViewController-STd-Im-iis.nib
copying file ./Payload/Pioneer.app/Base.lproj/Main.storyboardc/UIViewController-pTr-4e-sD6.nib ... 
2021-01-29 05:44:53 +0000  969 bytes for ./Payload/Pioneer.app/Base.lproj/Main.storyboardc/UIViewController-pTr-4e-sD6.nib
copying file ./Payload/Pioneer.app/Base.lproj/Main.storyboardc/APKAboutViewController.nib ... 
2021-01-29 05:44:53 +0000  2029 bytes for ./Payload/Pioneer.app/Base.lproj/Main.storyboardc/APKAboutViewController.nib
2021-01-29 05:44:53 +0000  copying file ./Payload/Pioneer.app/Base.lproj/Main.storyboardc/TAg-Oj-i7p-view-jFe-hh-E6U.nib ... 
2021-01-29 05:44:53 +0000  7721 bytes for ./Payload/Pioneer.app/Base.lproj/Main.storyboardc/TAg-Oj-i7p-view-jFe-hh-E6U.nib
2021-01-29 05:44:53 +0000  copying file ./Payload/Pioneer.app/Base.lproj/Main.storyboardc/Info.plist ... 
2021-01-29 05:44:53 +0000  781 bytes for ./Payload/Pioneer.app/Base.lproj/Main.storyboardc/Info.plist
copying file ./Payload/Pioneer.app/Base.lproj/Main.storyboardc/APKVideoPlayer.nib ... 
2021-01-29 05:44:53 +0000  1444 bytes for ./Payload/Pioneer.app/Base.lproj/Main.storyboardc/APKVideoPlayer.nib
2021-01-29 05:44:53 +0000  copying file ./Payload/Pioneer.app/html - iOS(IT).pdf ... 
2021-01-29 05:44:53 +0000  1755549 bytes for ./Payload/Pioneer.app/html - iOS(IT).pdf
2021-01-29 05:44:53 +0000  copying file ./Payload/Pioneer.app/Assets.car ... 
2021-01-29 05:44:53 +0000  3273352 bytes for ./Payload/Pioneer.app/Assets.car
2021-01-29 05:44:53 +0000  copying file ./Payload/Pioneer.app/DataModal.momd/DataModal.mom ... 
2021-01-29 05:44:53 +0000  1569 bytes for ./Payload/Pioneer.app/DataModal.momd/DataModal.mom
copying file ./Payload/Pioneer.app/DataModal.momd/VersionInfo.plist ... 
2021-01-29 05:44:53 +0000  152 bytes for ./Payload/Pioneer.app/DataModal.momd/VersionInfo.plist
copying file ./Payload/Pioneer.app/APKPromiseView.nib ... 
2021-01-29 05:44:53 +0000  3711 bytes for ./Payload/Pioneer.app/APKPromiseView.nib
copying file ./Payload/Pioneer.app/APKPhotosPageFooterView.nib ... 
2021-01-29 05:44:53 +0000  2432 bytes for ./Payload/Pioneer.app/APKPhotosPageFooterView.nib
2021-01-29 05:44:53 +0000  copying file ./Payload/Pioneer.app/LaunchImage-800-Portrait-736h@3x.png ... 
2021-01-29 05:44:54 +0000  160300 bytes for ./Payload/Pioneer.app/LaunchImage-800-Portrait-736h@3x.png
2021-01-29 05:44:54 +0000  copying file ./Payload/Pioneer.app/使用許諾書_Drive_Record_Interface_正式版 2.docx ... 
2021-01-29 05:44:54 +0000  6925 bytes for ./Payload/Pioneer.app/使用許諾書_Drive_Record_Interface_正式版 2.docx
copying file ./Payload/Pioneer.app/LaunchImage-700@2x.png ... 
2021-01-29 05:44:54 +0000  83671 bytes for ./Payload/Pioneer.app/LaunchImage-700@2x.png
2021-01-29 05:44:54 +0000  copying file ./Payload/Pioneer.app/lv.lproj/Main.strings ... 
2021-01-29 05:44:54 +0000  4756 bytes for ./Payload/Pioneer.app/lv.lproj/Main.strings
copying file ./Payload/Pioneer.app/lv.lproj/Localizable.strings ... 
2021-01-29 05:44:54 +0000  6206 bytes for ./Payload/Pioneer.app/lv.lproj/Localizable.strings
2021-01-29 05:44:54 +0000  copying file ./Payload/Pioneer.app/html - iOS(RU).pdf ... 
2021-01-29 05:44:54 +0000  1605290 bytes for ./Payload/Pioneer.app/html - iOS(RU).pdf
copying file ./Payload/Pioneer.app/LaunchImage-700-568h@2x.png ... 
2021-01-29 05:44:54 +0000  86481 bytes for ./Payload/Pioneer.app/LaunchImage-700-568h@2x.png
2021-01-29 05:44:54 +0000  copying file ./Payload/Pioneer.app/lt.lproj/Main.strings ... 
2021-01-29 05:44:54 +0000  4756 bytes for ./Payload/Pioneer.app/lt.lproj/Main.strings
copying file ./Payload/Pioneer.app/lt.lproj/Localizable.strings ... 
2021-01-29 05:44:54 +0000  5862 bytes for ./Payload/Pioneer.app/lt.lproj/Localizable.strings
2021-01-29 05:44:54 +0000  copying file ./Payload/Pioneer.app/ru.lproj/Main.strings ... 
2021-01-29 05:44:54 +0000  4756 bytes for ./Payload/Pioneer.app/ru.lproj/Main.strings
copying file ./Payload/Pioneer.app/ru.lproj/Localizable.strings ... 
2021-01-29 05:44:54 +0000  6570 bytes for ./Payload/Pioneer.app/ru.lproj/Localizable.strings
2021-01-29 05:44:54 +0000  copying file ./Payload/Pioneer.app/LaunchImage-1200-Portrait-1792h@2x.png ... 
2021-01-29 05:44:54 +0000  149514 bytes for ./Payload/Pioneer.app/LaunchImage-1200-Portrait-1792h@2x.png
2021-01-29 05:44:54 +0000  copying file ./Payload/Pioneer.app/html - iOS(POR).pdf ... 
2021-01-29 05:44:54 +0000  1600050 bytes for ./Payload/Pioneer.app/html - iOS(POR).pdf
copying file ./Payload/Pioneer.app/Pioneer ... 
2021-01-29 05:44:55 +0000  31701600 bytes for ./Payload/Pioneer.app/Pioneer
copying file ./Payload/Pioneer.app/html - iOS(GER).pdf ... 
2021-01-29 05:44:55 +0000  1608753 bytes for ./Payload/Pioneer.app/html - iOS(GER).pdf
2021-01-29 05:44:55 +0000  copying file ./Payload/Pioneer.app/MWPhotoBrowser.bundle/images/UIBarButtonItemGridiOS6.png ... 
1028 bytes for ./Payload/Pioneer.app/MWPhotoBrowser.bundle/images/UIBarButtonItemGridiOS6.png
copying file ./Payload/Pioneer.app/MWPhotoBrowser.bundle/images/UIBarButtonItemArrowLeft.png ... 
1169 bytes for ./Payload/Pioneer.app/MWPhotoBrowser.bundle/images/UIBarButtonItemArrowLeft.png
copying file ./Payload/Pioneer.app/MWPhotoBrowser.bundle/images/ImageSelectedSmallOn.png ... 
2141 bytes for ./Payload/Pioneer.app/MWPhotoBrowser.bundle/images/ImageSelectedSmallOn.png
copying file ./Payload/Pioneer.app/MWPhotoBrowser.bundle/images/UIBarButtonItemGrid.png ... 
1044 bytes for ./Payload/Pioneer.app/MWPhotoBrowser.bundle/images/UIBarButtonItemGrid.png
copying file ./Payload/Pioneer.app/MWPhotoBrowser.bundle/images/UIBarButtonItemGrid@2x.png ... 
1063 bytes for ./Payload/Pioneer.app/MWPhotoBrowser.bundle/images/UIBarButtonItemGrid@2x.png
copying file ./Payload/Pioneer.app/MWPhotoBrowser.bundle/images/ImageSelectedOff.png ... 
2641 bytes for ./Payload/Pioneer.app/MWPhotoBrowser.bundle/images/ImageSelectedOff.png
copying file ./Payload/Pioneer.app/MWPhotoBrowser.bundle/images/ImageError@2x.png ... 
1533 bytes for ./Payload/Pioneer.app/MWPhotoBrowser.bundle/images/ImageError@2x.png
copying file ./Payload/Pioneer.app/MWPhotoBrowser.bundle/images/ImageSelectedSmallOff@2x.png ... 
3296 bytes for ./Payload/Pioneer.app/MWPhotoBrowser.bundle/images/ImageSelectedSmallOff@2x.png
copying file ./Payload/Pioneer.app/MWPhotoBrowser.bundle/images/UIBarButtonItemArrowRight.png ... 
1158 bytes for ./Payload/Pioneer.app/MWPhotoBrowser.bundle/images/UIBarButtonItemArrowRight.png
copying file ./Payload/Pioneer.app/MWPhotoBrowser.bundle/images/ImageError.png ... 
1187 bytes for ./Payload/Pioneer.app/MWPhotoBrowser.bundle/images/ImageError.png
copying file ./Payload/Pioneer.app/MWPhotoBrowser.bundle/images/Checkmark.png ... 
1609 bytes for ./Payload/Pioneer.app/MWPhotoBrowser.bundle/images/Checkmark.png
copying file ./Payload/Pioneer.app/MWPhotoBrowser.bundle/images/ImageSelectedOn.png ... 
2682 bytes for ./Payload/Pioneer.app/MWPhotoBrowser.bundle/images/ImageSelectedOn.png
copying file ./Payload/Pioneer.app/MWPhotoBrowser.bundle/images/ImageSelectedOff@2x.png ... 
2021-01-29 05:44:55 +0000  4839 bytes for ./Payload/Pioneer.app/MWPhotoBrowser.bundle/images/ImageSelectedOff@2x.png
copying file ./Payload/Pioneer.app/MWPhotoBrowser.bundle/images/UIBarButtonItemArrowLeft@2x.png ... 
2021-01-29 05:44:55 +0000  1360 bytes for ./Payload/Pioneer.app/MWPhotoBrowser.bundle/images/UIBarButtonItemArrowLeft@2x.png
copying file ./Payload/Pioneer.app/MWPhotoBrowser.bundle/images/ImageSelectedSmallOff.png ... 
2021-01-29 05:44:55 +0000  1932 bytes for ./Payload/Pioneer.app/MWPhotoBrowser.bundle/images/ImageSelectedSmallOff.png
copying file ./Payload/Pioneer.app/MWPhotoBrowser.bundle/images/UIBarButtonItemArrowRight@2x.png ... 
2021-01-29 05:44:55 +0000  1355 bytes for ./Payload/Pioneer.app/MWPhotoBrowser.bundle/images/UIBarButtonItemArrowRight@2x.png
copying file ./Payload/Pioneer.app/MWPhotoBrowser.bundle/images/UIBarButtonItemArrowOutlineLeft.png ... 
2021-01-29 05:44:55 +0000  1135 bytes for ./Payload/Pioneer.app/MWPhotoBrowser.bundle/images/UIBarButtonItemArrowOutlineLeft.png
copying file ./Payload/Pioneer.app/MWPhotoBrowser.bundle/images/Checkmark@2x.png ... 
2021-01-29 05:44:55 +0000  2156 bytes for ./Payload/Pioneer.app/MWPhotoBrowser.bundle/images/Checkmark@2x.png
copying file ./Payload/Pioneer.app/MWPhotoBrowser.bundle/images/UIBarButtonItemArrowOutlineRight.png ... 
2021-01-29 05:44:55 +0000  1115 bytes for ./Payload/Pioneer.app/MWPhotoBrowser.bundle/images/UIBarButtonItemArrowOutlineRight.png
copying file ./Payload/Pioneer.app/MWPhotoBrowser.bundle/images/ImageSelectedOn@2x.png ... 
2021-01-29 05:44:55 +0000  4571 bytes for ./Payload/Pioneer.app/MWPhotoBrowser.bundle/images/ImageSelectedOn@2x.png
copying file ./Payload/Pioneer.app/MWPhotoBrowser.bundle/images/UIBarButtonItemGridiOS6@2x.png ... 
2021-01-29 05:44:55 +0000  1058 bytes for ./Payload/Pioneer.app/MWPhotoBrowser.bundle/images/UIBarButtonItemGridiOS6@2x.png
copying file ./Payload/Pioneer.app/MWPhotoBrowser.bundle/images/UIBarButtonItemArrowOutlineRight@2x.png ... 
2021-01-29 05:44:55 +0000  1253 bytes for ./Payload/Pioneer.app/MWPhotoBrowser.bundle/images/UIBarButtonItemArrowOutlineRight@2x.png
2021-01-29 05:44:55 +0000  copying file ./Payload/Pioneer.app/MWPhotoBrowser.bundle/images/ImageSelectedSmallOn@2x.png ... 
2021-01-29 05:44:55 +0000  3543 bytes for ./Payload/Pioneer.app/MWPhotoBrowser.bundle/images/ImageSelectedSmallOn@2x.png
copying file ./Payload/Pioneer.app/MWPhotoBrowser.bundle/images/UIBarButtonItemArrowOutlineLeft@2x.png ... 
2021-01-29 05:44:55 +0000  1261 bytes for ./Payload/Pioneer.app/MWPhotoBrowser.bundle/images/UIBarButtonItemArrowOutlineLeft@2x.png
2021-01-29 05:44:55 +0000  copying file ./Payload/Pioneer.app/pl-PL.lproj/Main.strings ... 
2021-01-29 05:44:55 +0000  4756 bytes for ./Payload/Pioneer.app/pl-PL.lproj/Main.strings
2021-01-29 05:44:55 +0000  copying file ./Payload/Pioneer.app/pl-PL.lproj/Localizable.strings ... 
2021-01-29 05:44:55 +0000  5632 bytes for ./Payload/Pioneer.app/pl-PL.lproj/Localizable.strings
2021-01-29 05:44:55 +0000  copying file ./Payload/Pioneer.app/200311 OSS儔僀僙儞僗暥亜[KX085,KX086]iOS傾僾儕 (僀儞僞乕僼僃乕僗) 亜愝掕尵岅=僼儔儞僗岅.pdf ... 
2021-01-29 05:44:55 +0000  124525 bytes for ./Payload/Pioneer.app/200311 OSS儔僀僙儞僗暥亜[KX085,KX086]iOS傾僾儕 (僀儞僞乕僼僃乕僗) 亜愝掕尵岅=僼儔儞僗岅.pdf
copying file ./Payload/Pioneer.app/Dash Camera Interface EULA(English).docx ... 
2021-01-29 05:44:55 +0000  42997 bytes for ./Payload/Pioneer.app/Dash Camera Interface EULA(English).docx
copying file ./Payload/Pioneer.app/Dash Camera Interface Privacy Policy(Dutch).docx ... 
2021-01-29 05:44:55 +0000  20448 bytes for ./Payload/Pioneer.app/Dash Camera Interface Privacy Policy(Dutch).docx
copying file ./Payload/Pioneer.app/Dash Camera Interface Privacy Policy(Spanish).docx ... 
2021-01-29 05:44:55 +0000  34942 bytes for ./Payload/Pioneer.app/Dash Camera Interface Privacy Policy(Spanish).docx
copying file ./Payload/Pioneer.app/embedded.mobileprovision ... 
2021-01-29 05:44:55 +0000  11164 bytes for ./Payload/Pioneer.app/embedded.mobileprovision
copying file ./Payload/Pioneer.app/html - iOS（UK）.pdf ... 
2021-01-29 05:44:55 +0000  1565864 bytes for ./Payload/Pioneer.app/html - iOS（UK）.pdf
2021-01-29 05:44:55 +0000  copying file ./Payload/Pioneer.app/license-jp_ios.pdf ... 
2021-01-29 05:44:55 +0000  86721 bytes for ./Payload/Pioneer.app/license-jp_ios.pdf
2021-01-29 05:44:55 +0000  copying file ./Payload/Pioneer.app/Dash Camera Interface Privacy Policy(French).docx ... 
2021-01-29 05:44:55 +0000  29336 bytes for ./Payload/Pioneer.app/Dash Camera Interface Privacy Policy(French).docx
2021-01-29 05:44:55 +0000  copying file ./Payload/Pioneer.app/Info.plist ... 
1958 bytes for ./Payload/Pioneer.app/Info.plist
2021-01-29 05:44:55 +0000  copying file ./Payload/Pioneer.app/200311 OSS儔僀僙儞僗暥亜[KX085,KX086]iOS傾僾儕 (僀儞僞乕僼僃乕僗) 亜愝掕尵岅=擔杮岅丄僼儔儞僗岅埲奜.pdf ... 
2021-01-29 05:44:55 +0000  73303 bytes for ./Payload/Pioneer.app/200311 OSS儔僀僙儞僗暥亜[KX085,KX086]iOS傾僾儕 (僀儞僞乕僼僃乕僗) 亜愝掕尵岅=擔杮岅丄僼儔儞僗岅埲奜.pdf
2021-01-29 05:44:55 +0000  copying file ./Payload/Pioneer.app/PkgInfo ... 
8 bytes for ./Payload/Pioneer.app/PkgInfo
copying file ./Payload/Pioneer.app/Dash Camera Interface EULA(German).docx ... 
2021-01-29 05:44:55 +0000  40513 bytes for ./Payload/Pioneer.app/Dash Camera Interface EULA(German).docx
2021-01-29 05:44:55 +0000  copying file ./Payload/Pioneer.app/Dash Camera Interface Privacy Policy (Italian).docx ... 
2021-01-29 05:44:55 +0000  29210 bytes for ./Payload/Pioneer.app/Dash Camera Interface Privacy Policy (Italian).docx
2021-01-29 05:44:55 +0000  copying file ./Payload/Pioneer.app/APKDownloadInfoView.nib ... 
2021-01-29 05:44:55 +0000  5555 bytes for ./Payload/Pioneer.app/APKDownloadInfoView.nib
2021-01-29 05:44:55 +0000  /usr/bin/ditto exited with 0
2021-01-29 05:44:55 +0000  Processing step: IDEDistributionAppStoreInformationStep
2021-01-29 05:44:55 +0000  Skipping step: IDEDistributionAppStoreInformationStep because it said so
2021-01-29 05:44:55 +0000  Processing step: IDEDistributionGenerateProcessedDistributionItems
2021-01-29 05:44:55 +0000  Processing step: IDEDistributionCreateManifestStep
