2020-12-03 02:24:57 +0000  Initial pipeline context: <IDEDistributionProcessingPipelineContext: 0x7f7f6f720d20; archive(resolved)='<IDEArchive: 0x7f7f742f76c0>', distributionTask(resolved)='2', distributionDestination(resolved)='1', distributionMethod(resolved)='<IDEDistributionMethodDevelopmentSigned: 0x7f7f6faf0040>', team(resolved)='<IDEProvisioningDisambiguatableBasicTeam: 0x7f7f679db530; teamID='7JA3J4SM22', teamName='SHENZHEN APICAL TECHNOLOGY CO.,LTD', teamType='Company', username='apicalios@apical.com.cn', isFreeProvisioningTeam='0'>'>
	Chain (13, self inclusive):
	<IDEDistributionProcessingPipelineContext: 0x7f7f6f720d20; archive = '<IDEArchive: 0x7f7f742f76c0>', distributionMethod='<IDEDistributionMethodDevelopmentSigned: 0x7f7f6faf0040>', team='<IDEProvisioningDisambiguatableBasicTeam: 0x7f7f679db530; teamID='7JA3J4SM22', teamName='SHENZHEN APICAL TECHNOLOGY CO.,LTD', teamType='Company', username='apicalios@apical.com.cn', isFreeProvisioningTeam='0'>'>
	<IDEDistributionProcessingPipelineContext: 0x7f7f6f769060; archive = '<IDEArchive: 0x7f7f742f76c0>', distributionMethod='<IDEDistributionMethodDevelopmentSigned: 0x7f7f6faf0040>', team='<IDEProvisioningDisambiguatableBasicTeam: 0x7f7f679db530; teamID='7JA3J4SM22', teamName='SHENZHEN APICAL TECHNOLOGY CO.,LTD', teamType='Company', username='apicalios@apical.com.cn', isFreeProvisioningTeam='0'>'>
	<IDEDistributionContext: 0x7f7f73484e50; archive = '<IDEArchive: 0x7f7f742f76c0>', distributionMethod='<IDEDistributionMethodDevelopmentSigned: 0x7f7f6faf0040>', team='<IDEProvisioningDisambiguatableBasicTeam: 0x7f7f679db530; teamID='7JA3J4SM22', teamName='SHENZHEN APICAL TECHNOLOGY CO.,LTD', teamType='Company', username='apicalios@apical.com.cn', isFreeProvisioningTeam='0'>'>
	<IDEDistributionContext: 0x7f7f734858d0; archive = '<IDEArchive: 0x7f7f742f76c0>', distributionMethod='<IDEDistributionMethodDevelopmentSigned: 0x7f7f6faf0040>', team='<IDEProvisioningDisambiguatableBasicTeam: 0x7f7f679db530; teamID='7JA3J4SM22', teamName='SHENZHEN APICAL TECHNOLOGY CO.,LTD', teamType='Company', username='apicalios@apical.com.cn', isFreeProvisioningTeam='0'>'>
	<IDEDistributionContext: 0x7f7f6ff934a0; archive = '<IDEArchive: 0x7f7f742f76c0>', distributionMethod='<IDEDistributionMethodDevelopmentSigned: 0x7f7f6faf0040>', team='<IDEProvisioningDisambiguatableBasicTeam: 0x7f7f679db530; teamID='7JA3J4SM22', teamName='SHENZHEN APICAL TECHNOLOGY CO.,LTD', teamType='Company', username='apicalios@apical.com.cn', isFreeProvisioningTeam='0'>'>
	<IDEDistributionContext: 0x7f7f6ff16380; archive = '<IDEArchive: 0x7f7f742f76c0>', distributionMethod='<IDEDistributionMethodDevelopmentSigned: 0x7f7f6faf0040>', team='<IDEProvisioningDisambiguatableBasicTeam: 0x7f7f679db530; teamID='7JA3J4SM22', teamName='SHENZHEN APICAL TECHNOLOGY CO.,LTD', teamType='Company', username='apicalios@apical.com.cn', isFreeProvisioningTeam='0'>'>
	<IDEDistributionContext: 0x7f7f6fda4980; archive = '<IDEArchive: 0x7f7f742f76c0>', distributionMethod='<IDEDistributionMethodDevelopmentSigned: 0x7f7f6faf0040>', team='<IDEProvisioningDisambiguatableBasicTeam: 0x7f7f679db530; teamID='7JA3J4SM22', teamName='SHENZHEN APICAL TECHNOLOGY CO.,LTD', teamType='Company', username='apicalios@apical.com.cn', isFreeProvisioningTeam='0'>'>
	<IDEDistributionContext: 0x7f7f6fdc4e20; archive = '<IDEArchive: 0x7f7f742f76c0>', distributionMethod='<IDEDistributionMethodDevelopmentSigned: 0x7f7f6faf0040>', team='<IDEProvisioningDisambiguatableBasicTeam: 0x7f7f679db530; teamID='7JA3J4SM22', teamName='SHENZHEN APICAL TECHNOLOGY CO.,LTD', teamType='Company', username='apicalios@apical.com.cn', isFreeProvisioningTeam='0'>'>
	<IDEDistributionContext: 0x7f7f6fce1660; archive = '<IDEArchive: 0x7f7f742f76c0>', distributionMethod='<IDEDistributionMethodDevelopmentSigned: 0x7f7f6faf0040>', team='<IDEProvisioningDisambiguatableBasicTeam: 0x7f7f679db530; teamID='7JA3J4SM22', teamName='SHENZHEN APICAL TECHNOLOGY CO.,LTD', teamType='Company', username='apicalios@apical.com.cn', isFreeProvisioningTeam='0'>'>
	<IDEDistributionContext: 0x7f7f6fdaaf40; archive = '<IDEArchive: 0x7f7f742f76c0>', distributionMethod='<IDEDistributionMethodDevelopmentSigned: 0x7f7f6faf0040>', team='(null)'>
	<IDEDistributionContext: 0x7f7f6b3d9860; archive = '<IDEArchive: 0x7f7f742f76c0>', distributionMethod='<IDEDistributionMethodDevelopmentSigned: 0x7f7f6faf0040>', team='(null)'>
	<IDEDistributionContext: 0x7f7f685f9bd0; archive = '<IDEArchive: 0x7f7f742f76c0>', distributionMethod='<IDEDistributionMethodDevelopmentSigned: 0x7f7f6faf0040>', team='(null)'>
	<IDEDistributionContext: 0x7f7f734a67e0; archive = '<IDEArchive: 0x7f7f742f76c0>', distributionMethod='(null)', team='(null)'>
</IDEDistributionProcessingPipelineContext: 0x7f7f6f720d20>
2020-12-03 02:24:57 +0000  Processing step: IDEDistributionCreateDestRootStep
2020-12-03 02:24:57 +0000  Processing step: IDEDistributionCopyItemStep
2020-12-03 02:24:57 +0000  Running /usr/bin/ditto '-V' '/Users/mac/Library/Developer/Xcode/Archives/2020-12-03/Road Cam 2020-12-3, 10.21.xcarchive/Products/Applications/万能AIT.app' '/var/folders/5z/nnl2g_1d1_99_034v16bwj980000gn/T/XcodeDistPipeline.~~~bVWjGx/Root/Payload/万能AIT.app'
2020-12-03 02:24:57 +0000  >>> Copying /Users/mac/Library/Developer/Xcode/Archives/2020-12-03/Road Cam 2020-12-3, 10.21.xcarchive/Products/Applications/万能AIT.app 
2020-12-03 02:24:57 +0000  copying file ./_CodeSignature/CodeResources ... 
2020-12-03 02:24:57 +0000  44978 bytes for ./_CodeSignature/CodeResources
2020-12-03 02:24:57 +0000  copying file ./APKPlayerViewController.nib ... 
2020-12-03 02:24:57 +0000  6014 bytes for ./APKPlayerViewController.nib
2020-12-03 02:24:57 +0000  copying file ./zh-Hans.lproj/Main.strings ... 
2020-12-03 02:24:57 +0000  1 bytes for ./zh-Hans.lproj/Main.strings
2020-12-03 02:24:57 +0000  copying file ./zh-Hans.lproj/Localizable.strings ... 
2020-12-03 02:24:57 +0000  2194 bytes for ./zh-Hans.lproj/Localizable.strings
2020-12-03 02:24:57 +0000  copying file ./LaunchImage-1100-Portrait-2436h@3x.png ... 
2020-12-03 02:24:57 +0000  143941 bytes for ./LaunchImage-1100-Portrait-2436h@3x.png
2020-12-03 02:24:57 +0000  copying file ./AppIcon20x20@2x.png ... 
2020-12-03 02:24:57 +0000  3720 bytes for ./AppIcon20x20@2x.png
2020-12-03 02:24:57 +0000  copying file ./uk-UA.lproj/Main.strings ... 
2020-12-03 02:24:57 +0000  4756 bytes for ./uk-UA.lproj/Main.strings
2020-12-03 02:24:57 +0000  copying file ./uk-UA.lproj/Localizable.strings ... 
2020-12-03 02:24:57 +0000  6384 bytes for ./uk-UA.lproj/Localizable.strings
2020-12-03 02:24:57 +0000  copying file ./en.lproj/Localizable.strings ... 
2020-12-03 02:24:57 +0000  3964 bytes for ./en.lproj/Localizable.strings
2020-12-03 02:24:57 +0000  copying file ./AppIcon20x20@3x.png ... 
2020-12-03 02:24:57 +0000  5633 bytes for ./AppIcon20x20@3x.png
2020-12-03 02:24:57 +0000  copying file ./et.lproj/Main.strings ... 
2020-12-03 02:24:57 +0000  4756 bytes for ./et.lproj/Main.strings
2020-12-03 02:24:57 +0000  copying file ./et.lproj/Localizable.strings ... 
2020-12-03 02:24:57 +0000  5463 bytes for ./et.lproj/Localizable.strings
2020-12-03 02:24:57 +0000  copying file ./sk.lproj/Main.strings ... 
2020-12-03 02:24:57 +0000  4756 bytes for ./sk.lproj/Main.strings
2020-12-03 02:24:57 +0000  copying file ./sk.lproj/Localizable.strings ... 
2020-12-03 02:24:57 +0000  6258 bytes for ./sk.lproj/Localizable.strings
2020-12-03 02:24:57 +0000  copying file ./AppIcon60x60@2x.png ... 
2020-12-03 02:24:57 +0000  13243 bytes for ./AppIcon60x60@2x.png
2020-12-03 02:24:57 +0000  copying file ./AppIcon29x29@2x.png ... 
2020-12-03 02:24:57 +0000  5455 bytes for ./AppIcon29x29@2x.png
2020-12-03 02:24:57 +0000  copying file ./LaunchImage-800-667h@2x.png ... 
2020-12-03 02:24:57 +0000  77375 bytes for ./LaunchImage-800-667h@2x.png
copying file ./AppIcon40x40@3x.png ... 
2020-12-03 02:24:57 +0000  13243 bytes for ./AppIcon40x40@3x.png
2020-12-03 02:24:57 +0000  copying file ./AppIcon40x40@2x.png ... 
2020-12-03 02:24:57 +0000  7817 bytes for ./AppIcon40x40@2x.png
2020-12-03 02:24:57 +0000  copying file ./cs.lproj/Main.strings ... 
2020-12-03 02:24:57 +0000  4756 bytes for ./cs.lproj/Main.strings
2020-12-03 02:24:57 +0000  copying file ./cs.lproj/Localizable.strings ... 
2020-12-03 02:24:57 +0000  5671 bytes for ./cs.lproj/Localizable.strings
2020-12-03 02:24:57 +0000  copying file ./LaunchImage-1200-Portrait-2688h@3x.png ... 
2020-12-03 02:24:57 +0000  165569 bytes for ./LaunchImage-1200-Portrait-2688h@3x.png
2020-12-03 02:24:57 +0000  copying file ./AppIcon29x29@3x.png ... 
2020-12-03 02:24:57 +0000  8580 bytes for ./AppIcon29x29@3x.png
2020-12-03 02:24:57 +0000  copying file ./AppIcon60x60@3x.png ... 
2020-12-03 02:24:57 +0000  20268 bytes for ./AppIcon60x60@3x.png
2020-12-03 02:24:57 +0000  copying file ./Base.lproj/Main.storyboardc/STd-Im-iis-view-E4T-NQ-rsb.nib/runtime.nib ... 
2020-12-03 02:24:57 +0000  7318 bytes for ./Base.lproj/Main.storyboardc/STd-Im-iis-view-E4T-NQ-rsb.nib/runtime.nib
2020-12-03 02:24:57 +0000  copying file ./Base.lproj/Main.storyboardc/STd-Im-iis-view-E4T-NQ-rsb.nib/objects-12.3+.nib ... 
2020-12-03 02:24:57 +0000  7526 bytes for ./Base.lproj/Main.storyboardc/STd-Im-iis-view-E4T-NQ-rsb.nib/objects-12.3+.nib
2020-12-03 02:24:57 +0000  copying file ./Base.lproj/Main.storyboardc/fdM-EZ-lTJ-view-RbG-nR-oUP.nib/runtime.nib ... 
2020-12-03 02:24:57 +0000  9391 bytes for ./Base.lproj/Main.storyboardc/fdM-EZ-lTJ-view-RbG-nR-oUP.nib/runtime.nib
2020-12-03 02:24:57 +0000  copying file ./Base.lproj/Main.storyboardc/fdM-EZ-lTJ-view-RbG-nR-oUP.nib/objects-12.3+.nib ... 
2020-12-03 02:24:57 +0000  9395 bytes for ./Base.lproj/Main.storyboardc/fdM-EZ-lTJ-view-RbG-nR-oUP.nib/objects-12.3+.nib
2020-12-03 02:24:57 +0000  copying file ./Base.lproj/Main.storyboardc/UITableViewController-TAg-Oj-i7p.nib/runtime.nib ... 
2020-12-03 02:24:57 +0000  1180 bytes for ./Base.lproj/Main.storyboardc/UITableViewController-TAg-Oj-i7p.nib/runtime.nib
2020-12-03 02:24:57 +0000  copying file ./Base.lproj/Main.storyboardc/UITableViewController-TAg-Oj-i7p.nib/objects-12.3+.nib ... 
2020-12-03 02:24:57 +0000  1180 bytes for ./Base.lproj/Main.storyboardc/UITableViewController-TAg-Oj-i7p.nib/objects-12.3+.nib
2020-12-03 02:24:57 +0000  copying file ./Base.lproj/Main.storyboardc/1ii-dm-aA7-view-aV9-UT-By6.nib/runtime.nib ... 
2020-12-03 02:24:57 +0000  13123 bytes for ./Base.lproj/Main.storyboardc/1ii-dm-aA7-view-aV9-UT-By6.nib/runtime.nib
2020-12-03 02:24:57 +0000  copying file ./Base.lproj/Main.storyboardc/1ii-dm-aA7-view-aV9-UT-By6.nib/objects-12.3+.nib ... 
2020-12-03 02:24:57 +0000  13550 bytes for ./Base.lproj/Main.storyboardc/1ii-dm-aA7-view-aV9-UT-By6.nib/objects-12.3+.nib
2020-12-03 02:24:57 +0000  copying file ./Base.lproj/Main.storyboardc/DoY-ED-BRB-view-oQb-T6-Hhw.nib/runtime.nib ... 
2020-12-03 02:24:57 +0000  5565 bytes for ./Base.lproj/Main.storyboardc/DoY-ED-BRB-view-oQb-T6-Hhw.nib/runtime.nib
copying file ./Base.lproj/Main.storyboardc/DoY-ED-BRB-view-oQb-T6-Hhw.nib/objects-12.3+.nib ... 
2020-12-03 02:24:57 +0000  5563 bytes for ./Base.lproj/Main.storyboardc/DoY-ED-BRB-view-oQb-T6-Hhw.nib/objects-12.3+.nib
2020-12-03 02:24:57 +0000  copying file ./Base.lproj/Main.storyboardc/UITableViewController-DoY-ED-BRB.nib/runtime.nib ... 
2020-12-03 02:24:57 +0000  1423 bytes for ./Base.lproj/Main.storyboardc/UITableViewController-DoY-ED-BRB.nib/runtime.nib
2020-12-03 02:24:57 +0000  copying file ./Base.lproj/Main.storyboardc/UITableViewController-DoY-ED-BRB.nib/objects-12.3+.nib ... 
2020-12-03 02:24:57 +0000  1423 bytes for ./Base.lproj/Main.storyboardc/UITableViewController-DoY-ED-BRB.nib/objects-12.3+.nib
2020-12-03 02:24:57 +0000  copying file ./Base.lproj/Main.storyboardc/Qkp-rM-VrI-view-aCN-eu-JqC.nib/runtime.nib ... 
2020-12-03 02:24:57 +0000  4433 bytes for ./Base.lproj/Main.storyboardc/Qkp-rM-VrI-view-aCN-eu-JqC.nib/runtime.nib
2020-12-03 02:24:57 +0000  copying file ./Base.lproj/Main.storyboardc/Qkp-rM-VrI-view-aCN-eu-JqC.nib/objects-12.3+.nib ... 
2020-12-03 02:24:57 +0000  4434 bytes for ./Base.lproj/Main.storyboardc/Qkp-rM-VrI-view-aCN-eu-JqC.nib/objects-12.3+.nib
2020-12-03 02:24:57 +0000  copying file ./Base.lproj/Main.storyboardc/UIViewController-fdM-EZ-lTJ.nib/runtime.nib ... 
2020-12-03 02:24:57 +0000  1432 bytes for ./Base.lproj/Main.storyboardc/UIViewController-fdM-EZ-lTJ.nib/runtime.nib
2020-12-03 02:24:57 +0000  copying file ./Base.lproj/Main.storyboardc/UIViewController-fdM-EZ-lTJ.nib/objects-12.3+.nib ... 
2020-12-03 02:24:57 +0000  1432 bytes for ./Base.lproj/Main.storyboardc/UIViewController-fdM-EZ-lTJ.nib/objects-12.3+.nib
2020-12-03 02:24:57 +0000  copying file ./Base.lproj/Main.storyboardc/uf2-Ae-QF6-view-jQ8-Rj-RmU.nib/runtime.nib ... 
2020-12-03 02:24:57 +0000  1847 bytes for ./Base.lproj/Main.storyboardc/uf2-Ae-QF6-view-jQ8-Rj-RmU.nib/runtime.nib
2020-12-03 02:24:57 +0000  copying file ./Base.lproj/Main.storyboardc/uf2-Ae-QF6-view-jQ8-Rj-RmU.nib/objects-12.3+.nib ... 
2020-12-03 02:24:57 +0000  1845 bytes for ./Base.lproj/Main.storyboardc/uf2-Ae-QF6-view-jQ8-Rj-RmU.nib/objects-12.3+.nib
2020-12-03 02:24:57 +0000  copying file ./Base.lproj/Main.storyboardc/pTr-4e-sD6-view-zKg-nN-2mE.nib/runtime.nib ... 
2020-12-03 02:24:57 +0000  3929 bytes for ./Base.lproj/Main.storyboardc/pTr-4e-sD6-view-zKg-nN-2mE.nib/runtime.nib
2020-12-03 02:24:57 +0000  copying file ./Base.lproj/Main.storyboardc/pTr-4e-sD6-view-zKg-nN-2mE.nib/objects-12.3+.nib ... 
2020-12-03 02:24:57 +0000  3934 bytes for ./Base.lproj/Main.storyboardc/pTr-4e-sD6-view-zKg-nN-2mE.nib/objects-12.3+.nib
2020-12-03 02:24:57 +0000  copying file ./Base.lproj/Main.storyboardc/NLc-lO-jgG-view-AOt-3L-QAV.nib/runtime.nib ... 
2020-12-03 02:24:57 +0000  6288 bytes for ./Base.lproj/Main.storyboardc/NLc-lO-jgG-view-AOt-3L-QAV.nib/runtime.nib
2020-12-03 02:24:57 +0000  copying file ./Base.lproj/Main.storyboardc/NLc-lO-jgG-view-AOt-3L-QAV.nib/objects-12.3+.nib ... 
2020-12-03 02:24:57 +0000  6280 bytes for ./Base.lproj/Main.storyboardc/NLc-lO-jgG-view-AOt-3L-QAV.nib/objects-12.3+.nib
2020-12-03 02:24:57 +0000  copying file ./Base.lproj/Main.storyboardc/YUn-MZ-pOr-view-h9M-gP-fuH.nib/runtime.nib ... 
2020-12-03 02:24:57 +0000  11081 bytes for ./Base.lproj/Main.storyboardc/YUn-MZ-pOr-view-h9M-gP-fuH.nib/runtime.nib
2020-12-03 02:24:57 +0000  copying file ./Base.lproj/Main.storyboardc/YUn-MZ-pOr-view-h9M-gP-fuH.nib/objects-12.3+.nib ... 
2020-12-03 02:24:57 +0000  11089 bytes for ./Base.lproj/Main.storyboardc/YUn-MZ-pOr-view-h9M-gP-fuH.nib/objects-12.3+.nib
2020-12-03 02:24:57 +0000  copying file ./Base.lproj/Main.storyboardc/da5-8N-V0l-view-2EB-CV-ibu.nib/runtime.nib ... 
2020-12-03 02:24:57 +0000  33172 bytes for ./Base.lproj/Main.storyboardc/da5-8N-V0l-view-2EB-CV-ibu.nib/runtime.nib
2020-12-03 02:24:57 +0000  copying file ./Base.lproj/Main.storyboardc/da5-8N-V0l-view-2EB-CV-ibu.nib/objects-12.3+.nib ... 
2020-12-03 02:24:57 +0000  33174 bytes for ./Base.lproj/Main.storyboardc/da5-8N-V0l-view-2EB-CV-ibu.nib/objects-12.3+.nib
2020-12-03 02:24:57 +0000  copying file ./Base.lproj/Main.storyboardc/UITabBarController-H4d-7E-SMs.nib/runtime.nib ... 
2020-12-03 02:24:57 +0000  6927 bytes for ./Base.lproj/Main.storyboardc/UITabBarController-H4d-7E-SMs.nib/runtime.nib
2020-12-03 02:24:57 +0000  copying file ./Base.lproj/Main.storyboardc/UITabBarController-H4d-7E-SMs.nib/objects-12.3+.nib ... 
2020-12-03 02:24:57 +0000  6928 bytes for ./Base.lproj/Main.storyboardc/UITabBarController-H4d-7E-SMs.nib/objects-12.3+.nib
2020-12-03 02:24:57 +0000  copying file ./Base.lproj/Main.storyboardc/UIViewController-STd-Im-iis.nib/runtime.nib ... 
2020-12-03 02:24:57 +0000  1648 bytes for ./Base.lproj/Main.storyboardc/UIViewController-STd-Im-iis.nib/runtime.nib
2020-12-03 02:24:57 +0000  copying file ./Base.lproj/Main.storyboardc/UIViewController-STd-Im-iis.nib/objects-12.3+.nib ... 
2020-12-03 02:24:57 +0000  1648 bytes for ./Base.lproj/Main.storyboardc/UIViewController-STd-Im-iis.nib/objects-12.3+.nib
2020-12-03 02:24:57 +0000  copying file ./Base.lproj/Main.storyboardc/UIViewController-pTr-4e-sD6.nib/runtime.nib ... 
2020-12-03 02:24:57 +0000  969 bytes for ./Base.lproj/Main.storyboardc/UIViewController-pTr-4e-sD6.nib/runtime.nib
copying file ./Base.lproj/Main.storyboardc/UIViewController-pTr-4e-sD6.nib/objects-12.3+.nib ... 
2020-12-03 02:24:57 +0000  969 bytes for ./Base.lproj/Main.storyboardc/UIViewController-pTr-4e-sD6.nib/objects-12.3+.nib
2020-12-03 02:24:57 +0000  copying file ./Base.lproj/Main.storyboardc/DBValueVC.nib/runtime.nib ... 
2020-12-03 02:24:57 +0000  967 bytes for ./Base.lproj/Main.storyboardc/DBValueVC.nib/runtime.nib
2020-12-03 02:24:57 +0000  copying file ./Base.lproj/Main.storyboardc/DBValueVC.nib/objects-12.3+.nib ... 
2020-12-03 02:24:57 +0000  967 bytes for ./Base.lproj/Main.storyboardc/DBValueVC.nib/objects-12.3+.nib
2020-12-03 02:24:57 +0000  copying file ./Base.lproj/Main.storyboardc/APKAboutViewController.nib/runtime.nib ... 
2020-12-03 02:24:57 +0000  1285 bytes for ./Base.lproj/Main.storyboardc/APKAboutViewController.nib/runtime.nib
2020-12-03 02:24:57 +0000  copying file ./Base.lproj/Main.storyboardc/APKAboutViewController.nib/objects-12.3+.nib ... 
2020-12-03 02:24:57 +0000  1285 bytes for ./Base.lproj/Main.storyboardc/APKAboutViewController.nib/objects-12.3+.nib
2020-12-03 02:24:57 +0000  copying file ./Base.lproj/Main.storyboardc/TAg-Oj-i7p-view-jFe-hh-E6U.nib/runtime.nib ... 
2020-12-03 02:24:57 +0000  7723 bytes for ./Base.lproj/Main.storyboardc/TAg-Oj-i7p-view-jFe-hh-E6U.nib/runtime.nib
2020-12-03 02:24:57 +0000  copying file ./Base.lproj/Main.storyboardc/TAg-Oj-i7p-view-jFe-hh-E6U.nib/objects-12.3+.nib ... 
2020-12-03 02:24:57 +0000  7723 bytes for ./Base.lproj/Main.storyboardc/TAg-Oj-i7p-view-jFe-hh-E6U.nib/objects-12.3+.nib
2020-12-03 02:24:57 +0000  copying file ./Base.lproj/Main.storyboardc/Info.plist ... 
2020-12-03 02:24:57 +0000  741 bytes for ./Base.lproj/Main.storyboardc/Info.plist
2020-12-03 02:24:57 +0000  copying file ./Base.lproj/Main.storyboardc/APKVideoPlayer.nib/runtime.nib ... 
2020-12-03 02:24:57 +0000  1444 bytes for ./Base.lproj/Main.storyboardc/APKVideoPlayer.nib/runtime.nib
2020-12-03 02:24:57 +0000  copying file ./Base.lproj/Main.storyboardc/APKVideoPlayer.nib/objects-12.3+.nib ... 
2020-12-03 02:24:57 +0000  1444 bytes for ./Base.lproj/Main.storyboardc/APKVideoPlayer.nib/objects-12.3+.nib
2020-12-03 02:24:57 +0000  copying file ./万能AIT ... 
2020-12-03 02:24:57 +0000  33414512 bytes for ./万能AIT
2020-12-03 02:24:57 +0000  copying file ./Assets.car ... 
2479560 bytes for ./Assets.car
copying file ./DataModal.momd/DataModal.mom ... 
1735 bytes for ./DataModal.momd/DataModal.mom
copying file ./DataModal.momd/VersionInfo.plist ... 
152 bytes for ./DataModal.momd/VersionInfo.plist
copying file ./APKPhotosPageFooterView.nib ... 
2435 bytes for ./APKPhotosPageFooterView.nib
copying file ./LaunchImage-800-Portrait-736h@3x.png ... 
149075 bytes for ./LaunchImage-800-Portrait-736h@3x.png
copying file ./LaunchImage-700@2x.png ... 
65313 bytes for ./LaunchImage-700@2x.png
copying file ./lv.lproj/Main.strings ... 
2020-12-03 02:24:57 +0000  4756 bytes for ./lv.lproj/Main.strings
copying file ./lv.lproj/Localizable.strings ... 
6206 bytes for ./lv.lproj/Localizable.strings
copying file ./LaunchImage-700-568h@2x.png ... 
74252 bytes for ./LaunchImage-700-568h@2x.png
copying file ./lt.lproj/Main.strings ... 
4756 bytes for ./lt.lproj/Main.strings
copying file ./lt.lproj/Localizable.strings ... 
5862 bytes for ./lt.lproj/Localizable.strings
copying file ./ru.lproj/Main.strings ... 
4756 bytes for ./ru.lproj/Main.strings
copying file ./ru.lproj/Localizable.strings ... 
6570 bytes for ./ru.lproj/Localizable.strings
copying file ./LaunchImage-1200-Portrait-1792h@2x.png ... 
100218 bytes for ./LaunchImage-1200-Portrait-1792h@2x.png
copying file ./MWPhotoBrowser.bundle/UIBarButtonItemArrowLeft.png ... 
240 bytes for ./MWPhotoBrowser.bundle/UIBarButtonItemArrowLeft.png
copying file ./MWPhotoBrowser.bundle/UIBarButtonItemGrid@3x.png ... 
172 bytes for ./MWPhotoBrowser.bundle/UIBarButtonItemGrid@3x.png
copying file ./MWPhotoBrowser.bundle/ImageSelectedSmallOn.png ... 
1097 bytes for ./MWPhotoBrowser.bundle/ImageSelectedSmallOn.png
copying file ./MWPhotoBrowser.bundle/UIBarButtonItemGrid.png ... 
110 bytes for ./MWPhotoBrowser.bundle/UIBarButtonItemGrid.png
copying file ./MWPhotoBrowser.bundle/UIBarButtonItemGrid@2x.png ... 
141 bytes for ./MWPhotoBrowser.bundle/UIBarButtonItemGrid@2x.png
copying file ./MWPhotoBrowser.bundle/VideoOverlay@2x.png ... 
494 bytes for ./MWPhotoBrowser.bundle/VideoOverlay@2x.png
copying file ./MWPhotoBrowser.bundle/ImageSelectedOff.png ... 
2020-12-03 02:24:57 +0000  1255 bytes for ./MWPhotoBrowser.bundle/ImageSelectedOff.png
copying file ./MWPhotoBrowser.bundle/PlayButtonOverlayLargeTap@2x.png ... 
4674 bytes for ./MWPhotoBrowser.bundle/PlayButtonOverlayLargeTap@2x.png
copying file ./MWPhotoBrowser.bundle/ImageError@2x.png ... 
2020-12-03 02:24:57 +0000  577 bytes for ./MWPhotoBrowser.bundle/ImageError@2x.png
2020-12-03 02:24:57 +0000  copying file ./MWPhotoBrowser.bundle/ImageSelectedSmallOff@2x.png ... 
2020-12-03 02:24:57 +0000  1872 bytes for ./MWPhotoBrowser.bundle/ImageSelectedSmallOff@2x.png
2020-12-03 02:24:57 +0000  copying file ./MWPhotoBrowser.bundle/ImageSelectedSmallOff@3x.png ... 
2020-12-03 02:24:57 +0000  4006 bytes for ./MWPhotoBrowser.bundle/ImageSelectedSmallOff@3x.png
copying file ./MWPhotoBrowser.bundle/PlayButtonOverlayLargeTap.png ... 
2020-12-03 02:24:57 +0000  2364 bytes for ./MWPhotoBrowser.bundle/PlayButtonOverlayLargeTap.png
2020-12-03 02:24:57 +0000  copying file ./MWPhotoBrowser.bundle/ImageError@3x.png ... 
2020-12-03 02:24:57 +0000  698 bytes for ./MWPhotoBrowser.bundle/ImageError@3x.png
copying file ./MWPhotoBrowser.bundle/PlayButtonOverlayLargeTap@3x.png ... 
2020-12-03 02:24:57 +0000  7086 bytes for ./MWPhotoBrowser.bundle/PlayButtonOverlayLargeTap@3x.png
2020-12-03 02:24:57 +0000  copying file ./MWPhotoBrowser.bundle/UIBarButtonItemArrowRight.png ... 
2020-12-03 02:24:57 +0000  239 bytes for ./MWPhotoBrowser.bundle/UIBarButtonItemArrowRight.png
2020-12-03 02:24:57 +0000  copying file ./MWPhotoBrowser.bundle/VideoOverlay@3x.png ... 
2020-12-03 02:24:57 +0000  696 bytes for ./MWPhotoBrowser.bundle/VideoOverlay@3x.png
2020-12-03 02:24:57 +0000  copying file ./MWPhotoBrowser.bundle/ImageError.png ... 
2020-12-03 02:24:57 +0000  246 bytes for ./MWPhotoBrowser.bundle/ImageError.png
2020-12-03 02:24:57 +0000  copying file ./MWPhotoBrowser.bundle/UIBarButtonItemArrowRight@3x.png ... 
2020-12-03 02:24:57 +0000  527 bytes for ./MWPhotoBrowser.bundle/UIBarButtonItemArrowRight@3x.png
2020-12-03 02:24:57 +0000  copying file ./MWPhotoBrowser.bundle/ImageSelectedOn.png ... 
2020-12-03 02:24:57 +0000  1399 bytes for ./MWPhotoBrowser.bundle/ImageSelectedOn.png
2020-12-03 02:24:57 +0000  copying file ./MWPhotoBrowser.bundle/PlayButtonOverlayLarge@2x.png ... 
2020-12-03 02:24:57 +0000  4917 bytes for ./MWPhotoBrowser.bundle/PlayButtonOverlayLarge@2x.png
2020-12-03 02:24:57 +0000  copying file ./MWPhotoBrowser.bundle/ImageSelectedOff@2x.png ... 
2020-12-03 02:24:57 +0000  3451 bytes for ./MWPhotoBrowser.bundle/ImageSelectedOff@2x.png
2020-12-03 02:24:57 +0000  copying file ./MWPhotoBrowser.bundle/UIBarButtonItemArrowLeft@2x.png ... 
2020-12-03 02:24:57 +0000  401 bytes for ./MWPhotoBrowser.bundle/UIBarButtonItemArrowLeft@2x.png
2020-12-03 02:24:57 +0000  copying file ./MWPhotoBrowser.bundle/VideoOverlay.png ... 
2020-12-03 02:24:57 +0000  297 bytes for ./MWPhotoBrowser.bundle/VideoOverlay.png
2020-12-03 02:24:57 +0000  copying file ./MWPhotoBrowser.bundle/ImageSelectedSmallOff.png ... 
2020-12-03 02:24:57 +0000  1002 bytes for ./MWPhotoBrowser.bundle/ImageSelectedSmallOff.png
copying file ./MWPhotoBrowser.bundle/UIBarButtonItemArrowLeft@3x.png ... 
2020-12-03 02:24:57 +0000  494 bytes for ./MWPhotoBrowser.bundle/UIBarButtonItemArrowLeft@3x.png
2020-12-03 02:24:57 +0000  copying file ./MWPhotoBrowser.bundle/ImageSelectedOff@3x.png ... 
2020-12-03 02:24:57 +0000  5690 bytes for ./MWPhotoBrowser.bundle/ImageSelectedOff@3x.png
2020-12-03 02:24:57 +0000  copying file ./MWPhotoBrowser.bundle/PlayButtonOverlayLarge@3x.png ... 
2020-12-03 02:24:57 +0000  7561 bytes for ./MWPhotoBrowser.bundle/PlayButtonOverlayLarge@3x.png
copying file ./MWPhotoBrowser.bundle/UIBarButtonItemArrowRight@2x.png ... 
2020-12-03 02:24:57 +0000  393 bytes for ./MWPhotoBrowser.bundle/UIBarButtonItemArrowRight@2x.png
copying file ./MWPhotoBrowser.bundle/ImageSelectedSmallOn@3x.png ... 
2020-12-03 02:24:57 +0000  4433 bytes for ./MWPhotoBrowser.bundle/ImageSelectedSmallOn@3x.png
copying file ./MWPhotoBrowser.bundle/PlayButtonOverlayLarge.png ... 
2020-12-03 02:24:57 +0000  2466 bytes for ./MWPhotoBrowser.bundle/PlayButtonOverlayLarge.png
2020-12-03 02:24:57 +0000  copying file ./MWPhotoBrowser.bundle/ImageSelectedOn@3x.png ... 
2020-12-03 02:24:57 +0000  5786 bytes for ./MWPhotoBrowser.bundle/ImageSelectedOn@3x.png
copying file ./MWPhotoBrowser.bundle/ImageSelectedOn@2x.png ... 
2020-12-03 02:24:57 +0000  3717 bytes for ./MWPhotoBrowser.bundle/ImageSelectedOn@2x.png
2020-12-03 02:24:57 +0000  copying file ./MWPhotoBrowser.bundle/Info.plist ... 
2020-12-03 02:24:57 +0000  725 bytes for ./MWPhotoBrowser.bundle/Info.plist
copying file ./MWPhotoBrowser.bundle/ImageSelectedSmallOn@2x.png ... 
2020-12-03 02:24:57 +0000  2182 bytes for ./MWPhotoBrowser.bundle/ImageSelectedSmallOn@2x.png
2020-12-03 02:24:57 +0000  copying file ./pl-PL.lproj/Main.strings ... 
2020-12-03 02:24:57 +0000  4756 bytes for ./pl-PL.lproj/Main.strings
copying file ./pl-PL.lproj/Localizable.strings ... 
2020-12-03 02:24:57 +0000  5632 bytes for ./pl-PL.lproj/Localizable.strings
2020-12-03 02:24:57 +0000  copying file ./embedded.mobileprovision ... 
2020-12-03 02:24:57 +0000  10804 bytes for ./embedded.mobileprovision
2020-12-03 02:24:57 +0000  copying file ./Info.plist ... 
2020-12-03 02:24:57 +0000  2387 bytes for ./Info.plist
2020-12-03 02:24:57 +0000  copying file ./PkgInfo ... 
2020-12-03 02:24:57 +0000  8 bytes for ./PkgInfo
2020-12-03 02:24:57 +0000  copying file ./APKDownloadInfoView.nib ... 
2020-12-03 02:24:57 +0000  5556 bytes for ./APKDownloadInfoView.nib
2020-12-03 02:24:57 +0000  /usr/bin/ditto exited with 0
2020-12-03 02:24:57 +0000  Processing step: IDEDistributionEmbedProfileStep
2020-12-03 02:24:57 +0000  Processing step: IDEDistributionInfoPlistStep
2020-12-03 02:24:57 +0000  Skipping step: IDEDistributionInfoPlistStep because it said so
2020-12-03 02:24:57 +0000  Processing step: IDEDistributionAppThinningPlistStep
2020-12-03 02:24:57 +0000  Skipping step: IDEDistributionAppThinningPlistStep because it said so
2020-12-03 02:24:57 +0000  Processing step: IDEDistributionCompileBitcodeStep
2020-12-03 02:24:57 +0000  Skipping step: IDEDistributionCompileBitcodeStep because it said so
2020-12-03 02:24:57 +0000  Processing step: IDEDistributionCodeSlimmingStep
2020-12-03 02:24:57 +0000  Processing step: IDEDistributionCopyBCSymbolMapsStep
2020-12-03 02:24:57 +0000  Skipping step: IDEDistributionCopyBCSymbolMapsStep because it said so
2020-12-03 02:24:57 +0000  Processing step: IDEDistributionSymbolsStep
2020-12-03 02:24:57 +0000  Skipping step: IDEDistributionSymbolsStep because it said so
2020-12-03 02:24:57 +0000  Processing step: IDEDistributionAppThinningStep
2020-12-03 02:24:57 +0000  Skipping step: IDEDistributionAppThinningStep because it said so
2020-12-03 02:24:57 +0000  Processing step: IDEDistributionArchThinningStep
2020-12-03 02:24:57 +0000  Running /Applications/Xcode.app/Contents/Developer/Toolchains/XcodeDefault.xctoolchain/usr/bin/lipo '/var/folders/5z/nnl2g_1d1_99_034v16bwj980000gn/T/XcodeDistPipeline.~~~bVWjGx/Root/Payload/万能AIT.app/万能AIT' '-verify_arch' 'arm64e'
2020-12-03 02:24:57 +0000  /Applications/Xcode.app/Contents/Developer/Toolchains/XcodeDefault.xctoolchain/usr/bin/lipo exited with 1
2020-12-03 02:24:57 +0000  Skipping architecture thinning for item "万能AIT" because arch "arm64e" wasn't found
2020-12-03 02:24:57 +0000  Processing step: IDEDistributionODRStep
2020-12-03 02:24:57 +0000  Processing step: IDEDistributionStripXattrsStep
2020-12-03 02:24:57 +0000  Running /usr/bin/xattr '-crs' '/var/folders/5z/nnl2g_1d1_99_034v16bwj980000gn/T/XcodeDistPipeline.~~~bVWjGx/Root/Payload/万能AIT.app'
2020-12-03 02:24:57 +0000  /usr/bin/xattr exited with 0
2020-12-03 02:24:57 +0000  Processing step: IDEDistributionCodesignStep
2020-12-03 02:24:57 +0000  Entitlements for <IDEDistributionItem: 0x7f7f6e914ab0; bundleID='com.apical.virtus', path='<DVTFilePath:0x7f7f7322af30:'/Users/mac/Library/Developer/Xcode/Archives/2020-12-03/Road Cam 2020-12-3, 10.21.xcarchive/Products/Applications/万能AIT.app'>', codeSigningInfo='<_DVTCodeSigningInformation_Path: 0x7f7f708ce8c0; isSigned='1', isAdHocSigned='0', signingCertificate='<DVTSigningCertificate: 0x7f7f6b8e9b90; name='Apple Development: Fuchi Li (36RX2K6M8J)', hash='39BB1ECF85ADDFF3CC3AAE4027BE20B5B4EF8A26', serialNumber='4D407E4AF7E7C134', certificateKinds='(
    "1.2.840.113635.100.6.1.12",
    "1.2.840.113635.100.6.1.2"
), issueDate='2020-03-31 08:13:34 +0000''>', entitlements='{
    "application-identifier" = "7JA3J4SM22.com.apical.virtus";
    "com.apple.developer.team-identifier" = 7JA3J4SM22;
    "get-task-allow" = 1;
    "keychain-access-groups" =     (
        "7JA3J4SM22.com.apical.virtus"
    );
}', teamID='7JA3J4SM22', identifier='com.apical.virtus', executablePath='<DVTFilePath:0x7f7f74016330:'/Users/mac/Library/Developer/Xcode/Archives/2020-12-03/Road Cam 2020-12-3, 10.21.xcarchive/Products/Applications/万能AIT.app/万能AIT'>', hardenedRuntime='0'>'>: {
    "application-identifier" = "7JA3J4SM22.com.apical.virtus";
    "com.apple.developer.team-identifier" = 7JA3J4SM22;
    "get-task-allow" = 1;
    "keychain-access-groups" =     (
        "7JA3J4SM22.com.apical.virtus"
    );
}
2020-12-03 02:24:57 +0000  Writing entitlements for <IDEDistributionItem: 0x7f7f6e914ab0; bundleID='com.apical.virtus', path='<DVTFilePath:0x7f7f7322af30:'/Users/mac/Library/Developer/Xcode/Archives/2020-12-03/Road Cam 2020-12-3, 10.21.xcarchive/Products/Applications/万能AIT.app'>', codeSigningInfo='<_DVTCodeSigningInformation_Path: 0x7f7f708ce8c0; isSigned='1', isAdHocSigned='0', signingCertificate='<DVTSigningCertificate: 0x7f7f72586000; name='Apple Development: Fuchi Li (36RX2K6M8J)', hash='39BB1ECF85ADDFF3CC3AAE4027BE20B5B4EF8A26', serialNumber='4D407E4AF7E7C134', certificateKinds='(
    "1.2.840.113635.100.6.1.12",
    "1.2.840.113635.100.6.1.2"
), issueDate='2020-03-31 08:13:34 +0000''>', entitlements='{
    "application-identifier" = "7JA3J4SM22.com.apical.virtus";
    "com.apple.developer.team-identifier" = 7JA3J4SM22;
    "get-task-allow" = 1;
    "keychain-access-groups" =     (
        "7JA3J4SM22.com.apical.virtus"
    );
}', teamID='7JA3J4SM22', identifier='com.apical.virtus', executablePath='<DVTFilePath:0x7f7f74016330:'/Users/mac/Library/Developer/Xcode/Archives/2020-12-03/Road Cam 2020-12-3, 10.21.xcarchive/Products/Applications/万能AIT.app/万能AIT'>', hardenedRuntime='0'>'> to: /var/folders/5z/nnl2g_1d1_99_034v16bwj980000gn/T/XcodeDistPipeline.~~~bVWjGx/entitlements~~~aVee9d
2020-12-03 02:24:57 +0000  Running /usr/bin/codesign '-vvv' '--force' '--sign' '39BB1ECF85ADDFF3CC3AAE4027BE20B5B4EF8A26' '--entitlements' '/var/folders/5z/nnl2g_1d1_99_034v16bwj980000gn/T/XcodeDistPipeline.~~~bVWjGx/entitlements~~~aVee9d' '--preserve-metadata=identifier,flags,runtime' '/var/folders/5z/nnl2g_1d1_99_034v16bwj980000gn/T/XcodeDistPipeline.~~~bVWjGx/Root/Payload/万能AIT.app'
2020-12-03 02:24:57 +0000  /var/folders/5z/nnl2g_1d1_99_034v16bwj980000gn/T/XcodeDistPipeline.~~~bVWjGx/Root/Payload/万能AIT.app: replacing existing signature
2020-12-03 02:24:58 +0000  /var/folders/5z/nnl2g_1d1_99_034v16bwj980000gn/T/XcodeDistPipeline.~~~bVWjGx/Root/Payload/万能AIT.app: signed app bundle with Mach-O universal (armv7 arm64) [com.apical.virtus]
2020-12-03 02:24:58 +0000  /usr/bin/codesign exited with 0
2020-12-03 02:24:58 +0000  Processing step: IDEDistributionZipODRItemStep
2020-12-03 02:24:58 +0000  Skipping step: IDEDistributionZipODRItemStep because it said so
2020-12-03 02:24:58 +0000  Processing step: IDEDistributionCreateIPAStep
2020-12-03 02:24:58 +0000  Running /usr/bin/ditto '-V' '-c' '-k' '--norsrc' '/var/folders/5z/nnl2g_1d1_99_034v16bwj980000gn/T/XcodeDistPipeline.~~~bVWjGx/Root' '/var/folders/5z/nnl2g_1d1_99_034v16bwj980000gn/T/XcodeDistPipeline.~~~bVWjGx/Packages/Road Cam.ipa'
2020-12-03 02:24:58 +0000  >>> Copying /var/folders/5z/nnl2g_1d1_99_034v16bwj980000gn/T/XcodeDistPipeline.~~~bVWjGx/Root 
2020-12-03 02:24:58 +0000  copying file ./Payload/万能AIT.app/_CodeSignature/CodeResources ... 
2020-12-03 02:24:58 +0000  44978 bytes for ./Payload/万能AIT.app/_CodeSignature/CodeResources
2020-12-03 02:24:58 +0000  copying file ./Payload/万能AIT.app/APKPlayerViewController.nib ... 
2020-12-03 02:24:58 +0000  6014 bytes for ./Payload/万能AIT.app/APKPlayerViewController.nib
2020-12-03 02:24:58 +0000  copying file ./Payload/万能AIT.app/zh-Hans.lproj/Main.strings ... 
1 bytes for ./Payload/万能AIT.app/zh-Hans.lproj/Main.strings
copying file ./Payload/万能AIT.app/zh-Hans.lproj/Localizable.strings ... 
2020-12-03 02:24:58 +0000  2194 bytes for ./Payload/万能AIT.app/zh-Hans.lproj/Localizable.strings
2020-12-03 02:24:58 +0000  copying file ./Payload/万能AIT.app/LaunchImage-1100-Portrait-2436h@3x.png ... 
2020-12-03 02:24:58 +0000  143941 bytes for ./Payload/万能AIT.app/LaunchImage-1100-Portrait-2436h@3x.png
copying file ./Payload/万能AIT.app/AppIcon20x20@2x.png ... 
2020-12-03 02:24:58 +0000  3720 bytes for ./Payload/万能AIT.app/AppIcon20x20@2x.png
2020-12-03 02:24:58 +0000  copying file ./Payload/万能AIT.app/uk-UA.lproj/Main.strings ... 
2020-12-03 02:24:58 +0000  4756 bytes for ./Payload/万能AIT.app/uk-UA.lproj/Main.strings
copying file ./Payload/万能AIT.app/uk-UA.lproj/Localizable.strings ... 
2020-12-03 02:24:58 +0000  6384 bytes for ./Payload/万能AIT.app/uk-UA.lproj/Localizable.strings
2020-12-03 02:24:58 +0000  copying file ./Payload/万能AIT.app/en.lproj/Localizable.strings ... 
2020-12-03 02:24:58 +0000  3964 bytes for ./Payload/万能AIT.app/en.lproj/Localizable.strings
2020-12-03 02:24:58 +0000  copying file ./Payload/万能AIT.app/AppIcon20x20@3x.png ... 
2020-12-03 02:24:58 +0000  5633 bytes for ./Payload/万能AIT.app/AppIcon20x20@3x.png
copying file ./Payload/万能AIT.app/et.lproj/Main.strings ... 
2020-12-03 02:24:58 +0000  4756 bytes for ./Payload/万能AIT.app/et.lproj/Main.strings
copying file ./Payload/万能AIT.app/et.lproj/Localizable.strings ... 
2020-12-03 02:24:58 +0000  5463 bytes for ./Payload/万能AIT.app/et.lproj/Localizable.strings
2020-12-03 02:24:58 +0000  copying file ./Payload/万能AIT.app/sk.lproj/Main.strings ... 
2020-12-03 02:24:58 +0000  4756 bytes for ./Payload/万能AIT.app/sk.lproj/Main.strings
copying file ./Payload/万能AIT.app/sk.lproj/Localizable.strings ... 
2020-12-03 02:24:58 +0000  6258 bytes for ./Payload/万能AIT.app/sk.lproj/Localizable.strings
2020-12-03 02:24:58 +0000  copying file ./Payload/万能AIT.app/AppIcon60x60@2x.png ... 
2020-12-03 02:24:58 +0000  13243 bytes for ./Payload/万能AIT.app/AppIcon60x60@2x.png
2020-12-03 02:24:58 +0000  copying file ./Payload/万能AIT.app/AppIcon29x29@2x.png ... 
2020-12-03 02:24:58 +0000  5455 bytes for ./Payload/万能AIT.app/AppIcon29x29@2x.png
2020-12-03 02:24:58 +0000  copying file ./Payload/万能AIT.app/LaunchImage-800-667h@2x.png ... 
2020-12-03 02:24:58 +0000  77375 bytes for ./Payload/万能AIT.app/LaunchImage-800-667h@2x.png
2020-12-03 02:24:58 +0000  copying file ./Payload/万能AIT.app/AppIcon40x40@3x.png ... 
2020-12-03 02:24:58 +0000  13243 bytes for ./Payload/万能AIT.app/AppIcon40x40@3x.png
2020-12-03 02:24:58 +0000  copying file ./Payload/万能AIT.app/AppIcon40x40@2x.png ... 
2020-12-03 02:24:58 +0000  7817 bytes for ./Payload/万能AIT.app/AppIcon40x40@2x.png
2020-12-03 02:24:58 +0000  copying file ./Payload/万能AIT.app/cs.lproj/Main.strings ... 
2020-12-03 02:24:58 +0000  4756 bytes for ./Payload/万能AIT.app/cs.lproj/Main.strings
2020-12-03 02:24:58 +0000  copying file ./Payload/万能AIT.app/cs.lproj/Localizable.strings ... 
2020-12-03 02:24:58 +0000  5671 bytes for ./Payload/万能AIT.app/cs.lproj/Localizable.strings
copying file ./Payload/万能AIT.app/LaunchImage-1200-Portrait-2688h@3x.png ... 
2020-12-03 02:24:58 +0000  165569 bytes for ./Payload/万能AIT.app/LaunchImage-1200-Portrait-2688h@3x.png
copying file ./Payload/万能AIT.app/AppIcon29x29@3x.png ... 
2020-12-03 02:24:58 +0000  8580 bytes for ./Payload/万能AIT.app/AppIcon29x29@3x.png
copying file ./Payload/万能AIT.app/AppIcon60x60@3x.png ... 
2020-12-03 02:24:58 +0000  20268 bytes for ./Payload/万能AIT.app/AppIcon60x60@3x.png
2020-12-03 02:24:58 +0000  copying file ./Payload/万能AIT.app/Base.lproj/Main.storyboardc/STd-Im-iis-view-E4T-NQ-rsb.nib/runtime.nib ... 
2020-12-03 02:24:58 +0000  7318 bytes for ./Payload/万能AIT.app/Base.lproj/Main.storyboardc/STd-Im-iis-view-E4T-NQ-rsb.nib/runtime.nib
copying file ./Payload/万能AIT.app/Base.lproj/Main.storyboardc/STd-Im-iis-view-E4T-NQ-rsb.nib/objects-12.3+.nib ... 
2020-12-03 02:24:58 +0000  7526 bytes for ./Payload/万能AIT.app/Base.lproj/Main.storyboardc/STd-Im-iis-view-E4T-NQ-rsb.nib/objects-12.3+.nib
2020-12-03 02:24:58 +0000  copying file ./Payload/万能AIT.app/Base.lproj/Main.storyboardc/fdM-EZ-lTJ-view-RbG-nR-oUP.nib/runtime.nib ... 
2020-12-03 02:24:58 +0000  9391 bytes for ./Payload/万能AIT.app/Base.lproj/Main.storyboardc/fdM-EZ-lTJ-view-RbG-nR-oUP.nib/runtime.nib
copying file ./Payload/万能AIT.app/Base.lproj/Main.storyboardc/fdM-EZ-lTJ-view-RbG-nR-oUP.nib/objects-12.3+.nib ... 
2020-12-03 02:24:58 +0000  9395 bytes for ./Payload/万能AIT.app/Base.lproj/Main.storyboardc/fdM-EZ-lTJ-view-RbG-nR-oUP.nib/objects-12.3+.nib
2020-12-03 02:24:58 +0000  copying file ./Payload/万能AIT.app/Base.lproj/Main.storyboardc/UITableViewController-TAg-Oj-i7p.nib/runtime.nib ... 
2020-12-03 02:24:58 +0000  1180 bytes for ./Payload/万能AIT.app/Base.lproj/Main.storyboardc/UITableViewController-TAg-Oj-i7p.nib/runtime.nib
copying file ./Payload/万能AIT.app/Base.lproj/Main.storyboardc/UITableViewController-TAg-Oj-i7p.nib/objects-12.3+.nib ... 
2020-12-03 02:24:58 +0000  1180 bytes for ./Payload/万能AIT.app/Base.lproj/Main.storyboardc/UITableViewController-TAg-Oj-i7p.nib/objects-12.3+.nib
copying file ./Payload/万能AIT.app/Base.lproj/Main.storyboardc/1ii-dm-aA7-view-aV9-UT-By6.nib/runtime.nib ... 
2020-12-03 02:24:58 +0000  13123 bytes for ./Payload/万能AIT.app/Base.lproj/Main.storyboardc/1ii-dm-aA7-view-aV9-UT-By6.nib/runtime.nib
copying file ./Payload/万能AIT.app/Base.lproj/Main.storyboardc/1ii-dm-aA7-view-aV9-UT-By6.nib/objects-12.3+.nib ... 
2020-12-03 02:24:58 +0000  13550 bytes for ./Payload/万能AIT.app/Base.lproj/Main.storyboardc/1ii-dm-aA7-view-aV9-UT-By6.nib/objects-12.3+.nib
2020-12-03 02:24:58 +0000  copying file ./Payload/万能AIT.app/Base.lproj/Main.storyboardc/DoY-ED-BRB-view-oQb-T6-Hhw.nib/runtime.nib ... 
2020-12-03 02:24:58 +0000  5565 bytes for ./Payload/万能AIT.app/Base.lproj/Main.storyboardc/DoY-ED-BRB-view-oQb-T6-Hhw.nib/runtime.nib
copying file ./Payload/万能AIT.app/Base.lproj/Main.storyboardc/DoY-ED-BRB-view-oQb-T6-Hhw.nib/objects-12.3+.nib ... 
2020-12-03 02:24:58 +0000  5563 bytes for ./Payload/万能AIT.app/Base.lproj/Main.storyboardc/DoY-ED-BRB-view-oQb-T6-Hhw.nib/objects-12.3+.nib
2020-12-03 02:24:58 +0000  copying file ./Payload/万能AIT.app/Base.lproj/Main.storyboardc/UITableViewController-DoY-ED-BRB.nib/runtime.nib ... 
2020-12-03 02:24:58 +0000  1423 bytes for ./Payload/万能AIT.app/Base.lproj/Main.storyboardc/UITableViewController-DoY-ED-BRB.nib/runtime.nib
copying file ./Payload/万能AIT.app/Base.lproj/Main.storyboardc/UITableViewController-DoY-ED-BRB.nib/objects-12.3+.nib ... 
2020-12-03 02:24:58 +0000  1423 bytes for ./Payload/万能AIT.app/Base.lproj/Main.storyboardc/UITableViewController-DoY-ED-BRB.nib/objects-12.3+.nib
copying file ./Payload/万能AIT.app/Base.lproj/Main.storyboardc/Qkp-rM-VrI-view-aCN-eu-JqC.nib/runtime.nib ... 
2020-12-03 02:24:58 +0000  4433 bytes for ./Payload/万能AIT.app/Base.lproj/Main.storyboardc/Qkp-rM-VrI-view-aCN-eu-JqC.nib/runtime.nib
copying file ./Payload/万能AIT.app/Base.lproj/Main.storyboardc/Qkp-rM-VrI-view-aCN-eu-JqC.nib/objects-12.3+.nib ... 
2020-12-03 02:24:58 +0000  4434 bytes for ./Payload/万能AIT.app/Base.lproj/Main.storyboardc/Qkp-rM-VrI-view-aCN-eu-JqC.nib/objects-12.3+.nib
2020-12-03 02:24:58 +0000  copying file ./Payload/万能AIT.app/Base.lproj/Main.storyboardc/UIViewController-fdM-EZ-lTJ.nib/runtime.nib ... 
2020-12-03 02:24:58 +0000  1432 bytes for ./Payload/万能AIT.app/Base.lproj/Main.storyboardc/UIViewController-fdM-EZ-lTJ.nib/runtime.nib
2020-12-03 02:24:58 +0000  copying file ./Payload/万能AIT.app/Base.lproj/Main.storyboardc/UIViewController-fdM-EZ-lTJ.nib/objects-12.3+.nib ... 
1432 bytes for ./Payload/万能AIT.app/Base.lproj/Main.storyboardc/UIViewController-fdM-EZ-lTJ.nib/objects-12.3+.nib
2020-12-03 02:24:58 +0000  copying file ./Payload/万能AIT.app/Base.lproj/Main.storyboardc/uf2-Ae-QF6-view-jQ8-Rj-RmU.nib/runtime.nib ... 
2020-12-03 02:24:58 +0000  1847 bytes for ./Payload/万能AIT.app/Base.lproj/Main.storyboardc/uf2-Ae-QF6-view-jQ8-Rj-RmU.nib/runtime.nib
copying file ./Payload/万能AIT.app/Base.lproj/Main.storyboardc/uf2-Ae-QF6-view-jQ8-Rj-RmU.nib/objects-12.3+.nib ... 
2020-12-03 02:24:58 +0000  1845 bytes for ./Payload/万能AIT.app/Base.lproj/Main.storyboardc/uf2-Ae-QF6-view-jQ8-Rj-RmU.nib/objects-12.3+.nib
2020-12-03 02:24:58 +0000  copying file ./Payload/万能AIT.app/Base.lproj/Main.storyboardc/pTr-4e-sD6-view-zKg-nN-2mE.nib/runtime.nib ... 
2020-12-03 02:24:58 +0000  3929 bytes for ./Payload/万能AIT.app/Base.lproj/Main.storyboardc/pTr-4e-sD6-view-zKg-nN-2mE.nib/runtime.nib
2020-12-03 02:24:58 +0000  copying file ./Payload/万能AIT.app/Base.lproj/Main.storyboardc/pTr-4e-sD6-view-zKg-nN-2mE.nib/objects-12.3+.nib ... 
2020-12-03 02:24:58 +0000  3934 bytes for ./Payload/万能AIT.app/Base.lproj/Main.storyboardc/pTr-4e-sD6-view-zKg-nN-2mE.nib/objects-12.3+.nib
2020-12-03 02:24:58 +0000  copying file ./Payload/万能AIT.app/Base.lproj/Main.storyboardc/NLc-lO-jgG-view-AOt-3L-QAV.nib/runtime.nib ... 
2020-12-03 02:24:58 +0000  6288 bytes for ./Payload/万能AIT.app/Base.lproj/Main.storyboardc/NLc-lO-jgG-view-AOt-3L-QAV.nib/runtime.nib
2020-12-03 02:24:58 +0000  copying file ./Payload/万能AIT.app/Base.lproj/Main.storyboardc/NLc-lO-jgG-view-AOt-3L-QAV.nib/objects-12.3+.nib ... 
2020-12-03 02:24:58 +0000  6280 bytes for ./Payload/万能AIT.app/Base.lproj/Main.storyboardc/NLc-lO-jgG-view-AOt-3L-QAV.nib/objects-12.3+.nib
2020-12-03 02:24:58 +0000  copying file ./Payload/万能AIT.app/Base.lproj/Main.storyboardc/YUn-MZ-pOr-view-h9M-gP-fuH.nib/runtime.nib ... 
2020-12-03 02:24:58 +0000  11081 bytes for ./Payload/万能AIT.app/Base.lproj/Main.storyboardc/YUn-MZ-pOr-view-h9M-gP-fuH.nib/runtime.nib
2020-12-03 02:24:58 +0000  copying file ./Payload/万能AIT.app/Base.lproj/Main.storyboardc/YUn-MZ-pOr-view-h9M-gP-fuH.nib/objects-12.3+.nib ... 
2020-12-03 02:24:58 +0000  11089 bytes for ./Payload/万能AIT.app/Base.lproj/Main.storyboardc/YUn-MZ-pOr-view-h9M-gP-fuH.nib/objects-12.3+.nib
2020-12-03 02:24:58 +0000  copying file ./Payload/万能AIT.app/Base.lproj/Main.storyboardc/da5-8N-V0l-view-2EB-CV-ibu.nib/runtime.nib ... 
2020-12-03 02:24:58 +0000  33172 bytes for ./Payload/万能AIT.app/Base.lproj/Main.storyboardc/da5-8N-V0l-view-2EB-CV-ibu.nib/runtime.nib
2020-12-03 02:24:58 +0000  copying file ./Payload/万能AIT.app/Base.lproj/Main.storyboardc/da5-8N-V0l-view-2EB-CV-ibu.nib/objects-12.3+.nib ... 
2020-12-03 02:24:58 +0000  33174 bytes for ./Payload/万能AIT.app/Base.lproj/Main.storyboardc/da5-8N-V0l-view-2EB-CV-ibu.nib/objects-12.3+.nib
2020-12-03 02:24:58 +0000  copying file ./Payload/万能AIT.app/Base.lproj/Main.storyboardc/UITabBarController-H4d-7E-SMs.nib/runtime.nib ... 
2020-12-03 02:24:58 +0000  6927 bytes for ./Payload/万能AIT.app/Base.lproj/Main.storyboardc/UITabBarController-H4d-7E-SMs.nib/runtime.nib
copying file ./Payload/万能AIT.app/Base.lproj/Main.storyboardc/UITabBarController-H4d-7E-SMs.nib/objects-12.3+.nib ... 
2020-12-03 02:24:58 +0000  6928 bytes for ./Payload/万能AIT.app/Base.lproj/Main.storyboardc/UITabBarController-H4d-7E-SMs.nib/objects-12.3+.nib
2020-12-03 02:24:58 +0000  copying file ./Payload/万能AIT.app/Base.lproj/Main.storyboardc/UIViewController-STd-Im-iis.nib/runtime.nib ... 
2020-12-03 02:24:58 +0000  1648 bytes for ./Payload/万能AIT.app/Base.lproj/Main.storyboardc/UIViewController-STd-Im-iis.nib/runtime.nib
2020-12-03 02:24:58 +0000  copying file ./Payload/万能AIT.app/Base.lproj/Main.storyboardc/UIViewController-STd-Im-iis.nib/objects-12.3+.nib ... 
2020-12-03 02:24:58 +0000  1648 bytes for ./Payload/万能AIT.app/Base.lproj/Main.storyboardc/UIViewController-STd-Im-iis.nib/objects-12.3+.nib
2020-12-03 02:24:58 +0000  copying file ./Payload/万能AIT.app/Base.lproj/Main.storyboardc/UIViewController-pTr-4e-sD6.nib/runtime.nib ... 
969 bytes for ./Payload/万能AIT.app/Base.lproj/Main.storyboardc/UIViewController-pTr-4e-sD6.nib/runtime.nib
copying file ./Payload/万能AIT.app/Base.lproj/Main.storyboardc/UIViewController-pTr-4e-sD6.nib/objects-12.3+.nib ... 
2020-12-03 02:24:58 +0000  969 bytes for ./Payload/万能AIT.app/Base.lproj/Main.storyboardc/UIViewController-pTr-4e-sD6.nib/objects-12.3+.nib
2020-12-03 02:24:58 +0000  copying file ./Payload/万能AIT.app/Base.lproj/Main.storyboardc/DBValueVC.nib/runtime.nib ... 
2020-12-03 02:24:58 +0000  967 bytes for ./Payload/万能AIT.app/Base.lproj/Main.storyboardc/DBValueVC.nib/runtime.nib
2020-12-03 02:24:58 +0000  copying file ./Payload/万能AIT.app/Base.lproj/Main.storyboardc/DBValueVC.nib/objects-12.3+.nib ... 
2020-12-03 02:24:58 +0000  967 bytes for ./Payload/万能AIT.app/Base.lproj/Main.storyboardc/DBValueVC.nib/objects-12.3+.nib
copying file ./Payload/万能AIT.app/Base.lproj/Main.storyboardc/APKAboutViewController.nib/runtime.nib ... 
2020-12-03 02:24:58 +0000  1285 bytes for ./Payload/万能AIT.app/Base.lproj/Main.storyboardc/APKAboutViewController.nib/runtime.nib
2020-12-03 02:24:58 +0000  copying file ./Payload/万能AIT.app/Base.lproj/Main.storyboardc/APKAboutViewController.nib/objects-12.3+.nib ... 
2020-12-03 02:24:58 +0000  1285 bytes for ./Payload/万能AIT.app/Base.lproj/Main.storyboardc/APKAboutViewController.nib/objects-12.3+.nib
2020-12-03 02:24:58 +0000  copying file ./Payload/万能AIT.app/Base.lproj/Main.storyboardc/TAg-Oj-i7p-view-jFe-hh-E6U.nib/runtime.nib ... 
2020-12-03 02:24:58 +0000  7723 bytes for ./Payload/万能AIT.app/Base.lproj/Main.storyboardc/TAg-Oj-i7p-view-jFe-hh-E6U.nib/runtime.nib
2020-12-03 02:24:58 +0000  copying file ./Payload/万能AIT.app/Base.lproj/Main.storyboardc/TAg-Oj-i7p-view-jFe-hh-E6U.nib/objects-12.3+.nib ... 
2020-12-03 02:24:58 +0000  7723 bytes for ./Payload/万能AIT.app/Base.lproj/Main.storyboardc/TAg-Oj-i7p-view-jFe-hh-E6U.nib/objects-12.3+.nib
2020-12-03 02:24:58 +0000  copying file ./Payload/万能AIT.app/Base.lproj/Main.storyboardc/Info.plist ... 
2020-12-03 02:24:58 +0000  741 bytes for ./Payload/万能AIT.app/Base.lproj/Main.storyboardc/Info.plist
2020-12-03 02:24:58 +0000  copying file ./Payload/万能AIT.app/Base.lproj/Main.storyboardc/APKVideoPlayer.nib/runtime.nib ... 
2020-12-03 02:24:58 +0000  1444 bytes for ./Payload/万能AIT.app/Base.lproj/Main.storyboardc/APKVideoPlayer.nib/runtime.nib
copying file ./Payload/万能AIT.app/Base.lproj/Main.storyboardc/APKVideoPlayer.nib/objects-12.3+.nib ... 
2020-12-03 02:24:58 +0000  1444 bytes for ./Payload/万能AIT.app/Base.lproj/Main.storyboardc/APKVideoPlayer.nib/objects-12.3+.nib
2020-12-03 02:24:58 +0000  copying file ./Payload/万能AIT.app/万能AIT ... 
2020-12-03 02:24:59 +0000  33414512 bytes for ./Payload/万能AIT.app/万能AIT
copying file ./Payload/万能AIT.app/Assets.car ... 
2020-12-03 02:24:59 +0000  2479560 bytes for ./Payload/万能AIT.app/Assets.car
2020-12-03 02:24:59 +0000  copying file ./Payload/万能AIT.app/DataModal.momd/DataModal.mom ... 
2020-12-03 02:24:59 +0000  1735 bytes for ./Payload/万能AIT.app/DataModal.momd/DataModal.mom
copying file ./Payload/万能AIT.app/DataModal.momd/VersionInfo.plist ... 
152 bytes for ./Payload/万能AIT.app/DataModal.momd/VersionInfo.plist
2020-12-03 02:24:59 +0000  copying file ./Payload/万能AIT.app/APKPhotosPageFooterView.nib ... 
2020-12-03 02:24:59 +0000  2435 bytes for ./Payload/万能AIT.app/APKPhotosPageFooterView.nib
copying file ./Payload/万能AIT.app/LaunchImage-800-Portrait-736h@3x.png ... 
2020-12-03 02:24:59 +0000  149075 bytes for ./Payload/万能AIT.app/LaunchImage-800-Portrait-736h@3x.png
copying file ./Payload/万能AIT.app/LaunchImage-700@2x.png ... 
2020-12-03 02:24:59 +0000  65313 bytes for ./Payload/万能AIT.app/LaunchImage-700@2x.png
2020-12-03 02:24:59 +0000  copying file ./Payload/万能AIT.app/lv.lproj/Main.strings ... 
4756 bytes for ./Payload/万能AIT.app/lv.lproj/Main.strings
copying file ./Payload/万能AIT.app/lv.lproj/Localizable.strings ... 
2020-12-03 02:24:59 +0000  6206 bytes for ./Payload/万能AIT.app/lv.lproj/Localizable.strings
2020-12-03 02:24:59 +0000  copying file ./Payload/万能AIT.app/LaunchImage-700-568h@2x.png ... 
2020-12-03 02:24:59 +0000  74252 bytes for ./Payload/万能AIT.app/LaunchImage-700-568h@2x.png
2020-12-03 02:24:59 +0000  copying file ./Payload/万能AIT.app/lt.lproj/Main.strings ... 
2020-12-03 02:24:59 +0000  4756 bytes for ./Payload/万能AIT.app/lt.lproj/Main.strings
copying file ./Payload/万能AIT.app/lt.lproj/Localizable.strings ... 
2020-12-03 02:24:59 +0000  5862 bytes for ./Payload/万能AIT.app/lt.lproj/Localizable.strings
2020-12-03 02:24:59 +0000  copying file ./Payload/万能AIT.app/ru.lproj/Main.strings ... 
2020-12-03 02:24:59 +0000  4756 bytes for ./Payload/万能AIT.app/ru.lproj/Main.strings
copying file ./Payload/万能AIT.app/ru.lproj/Localizable.strings ... 
2020-12-03 02:24:59 +0000  6570 bytes for ./Payload/万能AIT.app/ru.lproj/Localizable.strings
2020-12-03 02:24:59 +0000  copying file ./Payload/万能AIT.app/LaunchImage-1200-Portrait-1792h@2x.png ... 
2020-12-03 02:24:59 +0000  100218 bytes for ./Payload/万能AIT.app/LaunchImage-1200-Portrait-1792h@2x.png
2020-12-03 02:24:59 +0000  copying file ./Payload/万能AIT.app/MWPhotoBrowser.bundle/UIBarButtonItemArrowLeft.png ... 
2020-12-03 02:24:59 +0000  240 bytes for ./Payload/万能AIT.app/MWPhotoBrowser.bundle/UIBarButtonItemArrowLeft.png
copying file ./Payload/万能AIT.app/MWPhotoBrowser.bundle/UIBarButtonItemGrid@3x.png ... 
172 bytes for ./Payload/万能AIT.app/MWPhotoBrowser.bundle/UIBarButtonItemGrid@3x.png
2020-12-03 02:24:59 +0000  copying file ./Payload/万能AIT.app/MWPhotoBrowser.bundle/ImageSelectedSmallOn.png ... 
1097 bytes for ./Payload/万能AIT.app/MWPhotoBrowser.bundle/ImageSelectedSmallOn.png
2020-12-03 02:24:59 +0000  copying file ./Payload/万能AIT.app/MWPhotoBrowser.bundle/UIBarButtonItemGrid.png ... 
110 bytes for ./Payload/万能AIT.app/MWPhotoBrowser.bundle/UIBarButtonItemGrid.png
copying file ./Payload/万能AIT.app/MWPhotoBrowser.bundle/UIBarButtonItemGrid@2x.png ... 
2020-12-03 02:24:59 +0000  141 bytes for ./Payload/万能AIT.app/MWPhotoBrowser.bundle/UIBarButtonItemGrid@2x.png
copying file ./Payload/万能AIT.app/MWPhotoBrowser.bundle/VideoOverlay@2x.png ... 
2020-12-03 02:24:59 +0000  494 bytes for ./Payload/万能AIT.app/MWPhotoBrowser.bundle/VideoOverlay@2x.png
copying file ./Payload/万能AIT.app/MWPhotoBrowser.bundle/ImageSelectedOff.png ... 
2020-12-03 02:24:59 +0000  1255 bytes for ./Payload/万能AIT.app/MWPhotoBrowser.bundle/ImageSelectedOff.png
copying file ./Payload/万能AIT.app/MWPhotoBrowser.bundle/PlayButtonOverlayLargeTap@2x.png ... 
2020-12-03 02:24:59 +0000  4674 bytes for ./Payload/万能AIT.app/MWPhotoBrowser.bundle/PlayButtonOverlayLargeTap@2x.png
copying file ./Payload/万能AIT.app/MWPhotoBrowser.bundle/ImageError@2x.png ... 
2020-12-03 02:24:59 +0000  577 bytes for ./Payload/万能AIT.app/MWPhotoBrowser.bundle/ImageError@2x.png
copying file ./Payload/万能AIT.app/MWPhotoBrowser.bundle/ImageSelectedSmallOff@2x.png ... 
2020-12-03 02:24:59 +0000  1872 bytes for ./Payload/万能AIT.app/MWPhotoBrowser.bundle/ImageSelectedSmallOff@2x.png
2020-12-03 02:24:59 +0000  copying file ./Payload/万能AIT.app/MWPhotoBrowser.bundle/ImageSelectedSmallOff@3x.png ... 
2020-12-03 02:24:59 +0000  4006 bytes for ./Payload/万能AIT.app/MWPhotoBrowser.bundle/ImageSelectedSmallOff@3x.png
copying file ./Payload/万能AIT.app/MWPhotoBrowser.bundle/PlayButtonOverlayLargeTap.png ... 
2020-12-03 02:24:59 +0000  2364 bytes for ./Payload/万能AIT.app/MWPhotoBrowser.bundle/PlayButtonOverlayLargeTap.png
2020-12-03 02:24:59 +0000  copying file ./Payload/万能AIT.app/MWPhotoBrowser.bundle/ImageError@3x.png ... 
2020-12-03 02:24:59 +0000  698 bytes for ./Payload/万能AIT.app/MWPhotoBrowser.bundle/ImageError@3x.png
copying file ./Payload/万能AIT.app/MWPhotoBrowser.bundle/PlayButtonOverlayLargeTap@3x.png ... 
2020-12-03 02:24:59 +0000  7086 bytes for ./Payload/万能AIT.app/MWPhotoBrowser.bundle/PlayButtonOverlayLargeTap@3x.png
2020-12-03 02:24:59 +0000  copying file ./Payload/万能AIT.app/MWPhotoBrowser.bundle/UIBarButtonItemArrowRight.png ... 
2020-12-03 02:24:59 +0000  239 bytes for ./Payload/万能AIT.app/MWPhotoBrowser.bundle/UIBarButtonItemArrowRight.png
copying file ./Payload/万能AIT.app/MWPhotoBrowser.bundle/VideoOverlay@3x.png ... 
2020-12-03 02:24:59 +0000  696 bytes for ./Payload/万能AIT.app/MWPhotoBrowser.bundle/VideoOverlay@3x.png
copying file ./Payload/万能AIT.app/MWPhotoBrowser.bundle/ImageError.png ... 
2020-12-03 02:24:59 +0000  246 bytes for ./Payload/万能AIT.app/MWPhotoBrowser.bundle/ImageError.png
copying file ./Payload/万能AIT.app/MWPhotoBrowser.bundle/UIBarButtonItemArrowRight@3x.png ... 
2020-12-03 02:24:59 +0000  527 bytes for ./Payload/万能AIT.app/MWPhotoBrowser.bundle/UIBarButtonItemArrowRight@3x.png
copying file ./Payload/万能AIT.app/MWPhotoBrowser.bundle/ImageSelectedOn.png ... 
2020-12-03 02:24:59 +0000  1399 bytes for ./Payload/万能AIT.app/MWPhotoBrowser.bundle/ImageSelectedOn.png
copying file ./Payload/万能AIT.app/MWPhotoBrowser.bundle/PlayButtonOverlayLarge@2x.png ... 
2020-12-03 02:24:59 +0000  4917 bytes for ./Payload/万能AIT.app/MWPhotoBrowser.bundle/PlayButtonOverlayLarge@2x.png
copying file ./Payload/万能AIT.app/MWPhotoBrowser.bundle/ImageSelectedOff@2x.png ... 
2020-12-03 02:24:59 +0000  3451 bytes for ./Payload/万能AIT.app/MWPhotoBrowser.bundle/ImageSelectedOff@2x.png
copying file ./Payload/万能AIT.app/MWPhotoBrowser.bundle/UIBarButtonItemArrowLeft@2x.png ... 
2020-12-03 02:24:59 +0000  401 bytes for ./Payload/万能AIT.app/MWPhotoBrowser.bundle/UIBarButtonItemArrowLeft@2x.png
2020-12-03 02:24:59 +0000  copying file ./Payload/万能AIT.app/MWPhotoBrowser.bundle/VideoOverlay.png ... 
2020-12-03 02:24:59 +0000  297 bytes for ./Payload/万能AIT.app/MWPhotoBrowser.bundle/VideoOverlay.png
copying file ./Payload/万能AIT.app/MWPhotoBrowser.bundle/ImageSelectedSmallOff.png ... 
2020-12-03 02:24:59 +0000  1002 bytes for ./Payload/万能AIT.app/MWPhotoBrowser.bundle/ImageSelectedSmallOff.png
copying file ./Payload/万能AIT.app/MWPhotoBrowser.bundle/UIBarButtonItemArrowLeft@3x.png ... 
2020-12-03 02:24:59 +0000  494 bytes for ./Payload/万能AIT.app/MWPhotoBrowser.bundle/UIBarButtonItemArrowLeft@3x.png
2020-12-03 02:24:59 +0000  copying file ./Payload/万能AIT.app/MWPhotoBrowser.bundle/ImageSelectedOff@3x.png ... 
2020-12-03 02:24:59 +0000  5690 bytes for ./Payload/万能AIT.app/MWPhotoBrowser.bundle/ImageSelectedOff@3x.png
2020-12-03 02:24:59 +0000  copying file ./Payload/万能AIT.app/MWPhotoBrowser.bundle/PlayButtonOverlayLarge@3x.png ... 
2020-12-03 02:24:59 +0000  7561 bytes for ./Payload/万能AIT.app/MWPhotoBrowser.bundle/PlayButtonOverlayLarge@3x.png
2020-12-03 02:24:59 +0000  copying file ./Payload/万能AIT.app/MWPhotoBrowser.bundle/UIBarButtonItemArrowRight@2x.png ... 
2020-12-03 02:24:59 +0000  393 bytes for ./Payload/万能AIT.app/MWPhotoBrowser.bundle/UIBarButtonItemArrowRight@2x.png
copying file ./Payload/万能AIT.app/MWPhotoBrowser.bundle/ImageSelectedSmallOn@3x.png ... 
2020-12-03 02:24:59 +0000  4433 bytes for ./Payload/万能AIT.app/MWPhotoBrowser.bundle/ImageSelectedSmallOn@3x.png
2020-12-03 02:24:59 +0000  copying file ./Payload/万能AIT.app/MWPhotoBrowser.bundle/PlayButtonOverlayLarge.png ... 
2020-12-03 02:24:59 +0000  2466 bytes for ./Payload/万能AIT.app/MWPhotoBrowser.bundle/PlayButtonOverlayLarge.png
2020-12-03 02:24:59 +0000  copying file ./Payload/万能AIT.app/MWPhotoBrowser.bundle/ImageSelectedOn@3x.png ... 
2020-12-03 02:24:59 +0000  5786 bytes for ./Payload/万能AIT.app/MWPhotoBrowser.bundle/ImageSelectedOn@3x.png
2020-12-03 02:24:59 +0000  copying file ./Payload/万能AIT.app/MWPhotoBrowser.bundle/ImageSelectedOn@2x.png ... 
2020-12-03 02:24:59 +0000  3717 bytes for ./Payload/万能AIT.app/MWPhotoBrowser.bundle/ImageSelectedOn@2x.png
2020-12-03 02:24:59 +0000  copying file ./Payload/万能AIT.app/MWPhotoBrowser.bundle/Info.plist ... 
725 bytes for ./Payload/万能AIT.app/MWPhotoBrowser.bundle/Info.plist
copying file ./Payload/万能AIT.app/MWPhotoBrowser.bundle/ImageSelectedSmallOn@2x.png ... 
2020-12-03 02:24:59 +0000  2182 bytes for ./Payload/万能AIT.app/MWPhotoBrowser.bundle/ImageSelectedSmallOn@2x.png
2020-12-03 02:24:59 +0000  copying file ./Payload/万能AIT.app/pl-PL.lproj/Main.strings ... 
2020-12-03 02:24:59 +0000  4756 bytes for ./Payload/万能AIT.app/pl-PL.lproj/Main.strings
2020-12-03 02:24:59 +0000  copying file ./Payload/万能AIT.app/pl-PL.lproj/Localizable.strings ... 
2020-12-03 02:24:59 +0000  5632 bytes for ./Payload/万能AIT.app/pl-PL.lproj/Localizable.strings
2020-12-03 02:24:59 +0000  copying file ./Payload/万能AIT.app/embedded.mobileprovision ... 
2020-12-03 02:24:59 +0000  10804 bytes for ./Payload/万能AIT.app/embedded.mobileprovision
2020-12-03 02:24:59 +0000  copying file ./Payload/万能AIT.app/Info.plist ... 
2020-12-03 02:24:59 +0000  2387 bytes for ./Payload/万能AIT.app/Info.plist
2020-12-03 02:24:59 +0000  copying file ./Payload/万能AIT.app/PkgInfo ... 
8 bytes for ./Payload/万能AIT.app/PkgInfo
2020-12-03 02:24:59 +0000  copying file ./Payload/万能AIT.app/APKDownloadInfoView.nib ... 
2020-12-03 02:24:59 +0000  5556 bytes for ./Payload/万能AIT.app/APKDownloadInfoView.nib
2020-12-03 02:24:59 +0000  /usr/bin/ditto exited with 0
2020-12-03 02:24:59 +0000  Processing step: IDEDistributionAppStoreInformationStep
2020-12-03 02:24:59 +0000  Skipping step: IDEDistributionAppStoreInformationStep because it said so
2020-12-03 02:24:59 +0000  Processing step: IDEDistributionGenerateProcessedDistributionItems
2020-12-03 02:24:59 +0000  Processing step: IDEDistributionCreateManifestStep
